#
# There is insufficient memory for the Java Runtime Environment to continue.
# Native memory allocation (malloc) failed to allocate 32744 bytes for ChunkPool::allocate
# Possible reasons:
#   The system is out of physical RAM or swap space
#   The process is running with CompressedOops enabled, and the Java Heap may be blocking the growth of the native heap
# Possible solutions:
#   Reduce memory load on the system
#   Increase physical memory or swap space
#   Check if swap backing store is full
#   Decrease Java heap size (-Xmx/-Xms)
#   Decrease number of Java threads
#   Decrease Java thread stack sizes (-Xss)
#   Set larger code cache with -XX:ReservedCodeCacheSize=
#   JVM is running with Unscaled Compressed Oops mode in which the Java heap is
#     placed in the first 4GB address space. The Java Heap base address is the
#     maximum limit for the native heap growth. Please use -XX:HeapBaseMinAddress
#     to set the Java Heap base and to place the Java Heap above 4GB virtual address.
# This output file may be truncated or incomplete.
#
#  Out of Memory Error (./src/hotspot/share/memory/arena.cpp:81), pid=15932, tid=15876
#
# JRE version: OpenJDK Runtime Environment (11.0.11+9) (build 11.0.11+9-b60-7590822)
# Java VM: OpenJDK 64-Bit Server VM (11.0.11+9-b60-7590822, mixed mode, tiered, compressed oops, g1 gc, windows-amd64)
# No core dump will be written. Minidumps are not enabled by default on client versions of Windows
#

---------------  S U M M A R Y ------------

Command Line: --add-opens=java.base/java.util=ALL-UNNAMED --add-opens=java.base/java.lang=ALL-UNNAMED --add-opens=java.base/java.lang.invoke=ALL-UNNAMED --add-opens=java.base/java.util=ALL-UNNAMED --add-opens=java.prefs/java.util.prefs=ALL-UNNAMED --add-opens=java.prefs/java.util.prefs=ALL-UNNAMED --add-opens=java.base/java.nio.charset=ALL-UNNAMED --add-opens=java.base/java.net=ALL-UNNAMED --add-opens=java.base/java.util.concurrent.atomic=ALL-UNNAMED -Xmx2048m -Dfile.encoding=UTF-8 -Duser.country=ID -Duser.language=en -Duser.variant org.gradle.launcher.daemon.bootstrap.GradleDaemon 7.2

Host: Intel(R) Core(TM) i3-10110U CPU @ 2.10GHz, 4 cores, 7G,  Windows 10 , 64 bit Build 19041 (10.0.19041.1566)
Time: Thu Apr 14 13:04:08 2022 SE Asia Standard Time elapsed time: 23.908767 seconds (0d 0h 0m 23s)

---------------  T H R E A D  ---------------

Current thread (0x0000025546295800):  JavaThread "C2 CompilerThread1" daemon [_thread_in_native, id=15876, stack(0x000000fcb4f00000,0x000000fcb5000000)]


Current CompileTask:
C2:  23908 12988       4       org.gradle.tooling.internal.adapter.ProtocolToModelAdapter$InvocationHandlerImpl::invoke (176 bytes)

Stack: [0x000000fcb4f00000,0x000000fcb5000000]
Native frames: (J=compiled Java code, j=interpreted, Vv=VM code, C=native code)
V  [jvm.dll+0x5f214a]
V  [jvm.dll+0x726fb5]
V  [jvm.dll+0x7285cd]
V  [jvm.dll+0x728c83]
V  [jvm.dll+0x243278]
V  [jvm.dll+0xbc78b]
V  [jvm.dll+0xbca3c]
V  [jvm.dll+0x35919e]
V  [jvm.dll+0x4ec334]
V  [jvm.dll+0x3218c2]
V  [jvm.dll+0x320d8a]
V  [jvm.dll+0x1fc1e2]
V  [jvm.dll+0x1fb3d4]
V  [jvm.dll+0x183d6c]
V  [jvm.dll+0x209a57]
V  [jvm.dll+0x2082a1]
V  [jvm.dll+0x6ef58f]
V  [jvm.dll+0x6e80b5]
V  [jvm.dll+0x5f1036]
C  [ucrtbase.dll+0x21bb2]
C  [KERNEL32.DLL+0x17034]
C  [ntdll.dll+0x52651]


---------------  P R O C E S S  ---------------

Threads class SMR info:
_java_thread_list=0x000002554ae328c0, length=79, elements={
0x00000255271ce000, 0x0000025542f85800, 0x0000025542f87000, 0x0000025543912800,
0x0000025542f9e800, 0x0000025542fa0800, 0x0000025542fa8000, 0x0000025542fad000,
0x0000025542fae800, 0x0000025543a6c000, 0x00000255462c1800, 0x0000025543bd2800,
0x000002554485c000, 0x00000255465e3800, 0x0000025545193800, 0x0000025545982800,
0x00000255460e0800, 0x0000025546268800, 0x00000255453d1800, 0x0000025546f13000,
0x0000025546f14800, 0x0000025546f0f000, 0x0000025546f0f800, 0x0000025546f15800,
0x0000025546f14000, 0x0000025546f11800, 0x0000025546f10800, 0x0000025546f12000,
0x000002554613b800, 0x0000025546140000, 0x0000025546141000, 0x000002554613e800,
0x0000025546142000, 0x000002554613d000, 0x0000025546144800, 0x0000025546146000,
0x0000025546149000, 0x0000025546146800, 0x0000025546148800, 0x000002554614a000,
0x0000025546147800, 0x0000025548dda800, 0x0000025548ddc000, 0x0000025548ddb800,
0x0000025548ddd000, 0x0000025548dd7000, 0x0000025548ddd800, 0x0000025548dd8000,
0x0000025548dde800, 0x0000025548dd9000, 0x0000025548ddf800, 0x0000025548dd9800,
0x0000025548de4800, 0x0000025548de0000, 0x0000025548de5000, 0x0000025548de2800,
0x0000025548de3800, 0x0000025548de6000, 0x0000025548de1000, 0x0000025548de2000,
0x000002554774d000, 0x000002554774f800, 0x000002554774d800, 0x0000025547754000,
0x000002554774e800, 0x0000025547755000, 0x0000025547756000, 0x0000025547750000,
0x0000025547752000, 0x0000025547756800, 0x0000025547752800, 0x0000025547753800,
0x0000025547751000, 0x000002554775a000, 0x0000025547757800, 0x000002554775b000,
0x0000025547758800, 0x0000025546292800, 0x0000025546295800
}

Java Threads: ( => current thread )
  0x00000255271ce000 JavaThread "main" [_thread_blocked, id=844, stack(0x000000fcb3a00000,0x000000fcb3b00000)]
  0x0000025542f85800 JavaThread "Reference Handler" daemon [_thread_blocked, id=7996, stack(0x000000fcb4100000,0x000000fcb4200000)]
  0x0000025542f87000 JavaThread "Finalizer" daemon [_thread_blocked, id=7808, stack(0x000000fcb4200000,0x000000fcb4300000)]
  0x0000025543912800 JavaThread "Signal Dispatcher" daemon [_thread_blocked, id=16740, stack(0x000000fcb4300000,0x000000fcb4400000)]
  0x0000025542f9e800 JavaThread "Attach Listener" daemon [_thread_blocked, id=14968, stack(0x000000fcb4400000,0x000000fcb4500000)]
  0x0000025542fa0800 JavaThread "Service Thread" daemon [_thread_blocked, id=11016, stack(0x000000fcb4500000,0x000000fcb4600000)]
  0x0000025542fa8000 JavaThread "C2 CompilerThread0" daemon [_thread_in_native, id=14844, stack(0x000000fcb4600000,0x000000fcb4700000)]
  0x0000025542fad000 JavaThread "C1 CompilerThread0" daemon [_thread_blocked, id=17860, stack(0x000000fcb4700000,0x000000fcb4800000)]
  0x0000025542fae800 JavaThread "Sweeper thread" daemon [_thread_blocked, id=8544, stack(0x000000fcb4800000,0x000000fcb4900000)]
  0x0000025543a6c000 JavaThread "Common-Cleaner" daemon [_thread_blocked, id=13788, stack(0x000000fcb4900000,0x000000fcb4a00000)]
  0x00000255462c1800 JavaThread "Daemon health stats" [_thread_blocked, id=11008, stack(0x000000fcb4e00000,0x000000fcb4f00000)]
  0x0000025543bd2800 JavaThread "Incoming local TCP Connector on port 58696" [_thread_in_native, id=7508, stack(0x000000fcb4b00000,0x000000fcb4c00000)]
  0x000002554485c000 JavaThread "Daemon periodic checks" [_thread_blocked, id=11636, stack(0x000000fcb5000000,0x000000fcb5100000)]
  0x00000255465e3800 JavaThread "Daemon" [_thread_blocked, id=5952, stack(0x000000fcb5100000,0x000000fcb5200000)]
  0x0000025545193800 JavaThread "Handler for socket connection from /127.0.0.1:58696 to /127.0.0.1:58697" [_thread_in_native, id=14696, stack(0x000000fcb5200000,0x000000fcb5300000)]
  0x0000025545982800 JavaThread "Cancel handler" [_thread_blocked, id=7412, stack(0x000000fcb5300000,0x000000fcb5400000)]
  0x00000255460e0800 JavaThread "Daemon worker" [_thread_in_Java, id=16868, stack(0x000000fcb5400000,0x000000fcb5500000)]
  0x0000025546268800 JavaThread "Asynchronous log dispatcher for DefaultDaemonConnection: socket connection from /127.0.0.1:58696 to /127.0.0.1:58697" [_thread_blocked, id=9484, stack(0x000000fcb5500000,0x000000fcb5600000)]
  0x00000255453d1800 JavaThread "Stdin handler" [_thread_blocked, id=8040, stack(0x000000fcb5600000,0x000000fcb5700000)]
  0x0000025546f13000 JavaThread "Daemon client event forwarder" [_thread_blocked, id=12936, stack(0x000000fcb5700000,0x000000fcb5800000)]
  0x0000025546f14800 JavaThread "Cache worker for journal cache (C:\Users\GISAN ENTERPRISE\.gradle\caches\journal-1)" [_thread_blocked, id=18284, stack(0x000000fcb5900000,0x000000fcb5a00000)]
  0x0000025546f0f000 JavaThread "File lock request listener" [_thread_in_native, id=16388, stack(0x000000fcb5a00000,0x000000fcb5b00000)]
  0x0000025546f0f800 JavaThread "Cache worker for file hash cache (C:\Users\GISAN ENTERPRISE\.gradle\caches\7.2\fileHashes)" [_thread_blocked, id=1456, stack(0x000000fcb5b00000,0x000000fcb5c00000)]
  0x0000025546f15800 JavaThread "Cache worker for file hash cache (E:\Projects\Android\Latihan1\.gradle\7.2\fileHashes)" [_thread_blocked, id=18160, stack(0x000000fcb5c00000,0x000000fcb5d00000)]
  0x0000025546f14000 JavaThread "File watcher server" daemon [_thread_in_native, id=14584, stack(0x000000fcb5d00000,0x000000fcb5e00000)]
  0x0000025546f11800 JavaThread "File watcher consumer" daemon [_thread_blocked, id=13844, stack(0x000000fcb5e00000,0x000000fcb5f00000)]
  0x0000025546f10800 JavaThread "jar transforms" [_thread_blocked, id=932, stack(0x000000fcb5f00000,0x000000fcb6000000)]
  0x0000025546f12000 JavaThread "jar transforms Thread 2" [_thread_blocked, id=16912, stack(0x000000fcb6000000,0x000000fcb6100000)]
  0x000002554613b800 JavaThread "jar transforms Thread 3" [_thread_blocked, id=5048, stack(0x000000fcb6100000,0x000000fcb6200000)]
  0x0000025546140000 JavaThread "jar transforms Thread 4" [_thread_blocked, id=16312, stack(0x000000fcb6200000,0x000000fcb6300000)]
  0x0000025546141000 JavaThread "Cache worker for checksums cache (E:\Projects\Android\Latihan1\.gradle\checksums)" [_thread_blocked, id=2052, stack(0x000000fcb6300000,0x000000fcb6400000)]
  0x000002554613e800 JavaThread "Cache worker for cache directory md-supplier (C:\Users\GISAN ENTERPRISE\.gradle\caches\7.2\md-supplier)" [_thread_blocked, id=13612, stack(0x000000fcb6400000,0x000000fcb6500000)]
  0x0000025546142000 JavaThread "Cache worker for cache directory md-rule (C:\Users\GISAN ENTERPRISE\.gradle\caches\7.2\md-rule)" [_thread_blocked, id=6440, stack(0x000000fcb6500000,0x000000fcb6600000)]
  0x000002554613d000 JavaThread "Cache worker for execution history cache (C:\Users\GISAN ENTERPRISE\.gradle\caches\7.2\executionHistory)" [_thread_blocked, id=15224, stack(0x000000fcb6600000,0x000000fcb6700000)]
  0x0000025546144800 JavaThread "Cache worker for file content cache (C:\Users\GISAN ENTERPRISE\.gradle\caches\7.2\fileContent)" [_thread_blocked, id=14260, stack(0x000000fcb6700000,0x000000fcb6800000)]
  0x0000025546146000 JavaThread "Cache worker for dependencies-accessors (E:\Projects\Android\Latihan1\.gradle\7.2\dependencies-accessors)" [_thread_blocked, id=12328, stack(0x000000fcb6800000,0x000000fcb6900000)]
  0x0000025546149000 JavaThread "Cache worker for Build Output Cleanup Cache (E:\Projects\Android\Latihan1\.gradle\buildOutputCleanup)" [_thread_blocked, id=15004, stack(0x000000fcb6900000,0x000000fcb6a00000)]
  0x0000025546146800 JavaThread "Unconstrained build operations" [_thread_blocked, id=5912, stack(0x000000fcb6a00000,0x000000fcb6b00000)]
  0x0000025546148800 JavaThread "Unconstrained build operations Thread 2" [_thread_blocked, id=11024, stack(0x000000fcb6b00000,0x000000fcb6c00000)]
  0x000002554614a000 JavaThread "Unconstrained build operations Thread 3" [_thread_blocked, id=10968, stack(0x000000fcb6c00000,0x000000fcb6d00000)]
  0x0000025546147800 JavaThread "Unconstrained build operations Thread 4" [_thread_blocked, id=14108, stack(0x000000fcb6d00000,0x000000fcb6e00000)]
  0x0000025548dda800 JavaThread "Unconstrained build operations Thread 5" [_thread_blocked, id=2040, stack(0x000000fcb6e00000,0x000000fcb6f00000)]
  0x0000025548ddc000 JavaThread "Unconstrained build operations Thread 6" [_thread_blocked, id=14368, stack(0x000000fcb6f00000,0x000000fcb7000000)]
  0x0000025548ddb800 JavaThread "Unconstrained build operations Thread 7" [_thread_blocked, id=18252, stack(0x000000fcb7000000,0x000000fcb7100000)]
  0x0000025548ddd000 JavaThread "Unconstrained build operations Thread 8" [_thread_blocked, id=7712, stack(0x000000fcb7100000,0x000000fcb7200000)]
  0x0000025548dd7000 JavaThread "Unconstrained build operations Thread 9" [_thread_blocked, id=15928, stack(0x000000fcb7200000,0x000000fcb7300000)]
  0x0000025548ddd800 JavaThread "Unconstrained build operations Thread 10" [_thread_blocked, id=832, stack(0x000000fcb7300000,0x000000fcb7400000)]
  0x0000025548dd8000 JavaThread "Unconstrained build operations Thread 11" [_thread_blocked, id=10820, stack(0x000000fcb7400000,0x000000fcb7500000)]
  0x0000025548dde800 JavaThread "Unconstrained build operations Thread 12" [_thread_blocked, id=9364, stack(0x000000fcb7500000,0x000000fcb7600000)]
  0x0000025548dd9000 JavaThread "Unconstrained build operations Thread 13" [_thread_blocked, id=12840, stack(0x000000fcb7600000,0x000000fcb7700000)]
  0x0000025548ddf800 JavaThread "Unconstrained build operations Thread 14" [_thread_blocked, id=7108, stack(0x000000fcb7700000,0x000000fcb7800000)]
  0x0000025548dd9800 JavaThread "Unconstrained build operations Thread 15" [_thread_blocked, id=4868, stack(0x000000fcb7800000,0x000000fcb7900000)]
  0x0000025548de4800 JavaThread "Unconstrained build operations Thread 16" [_thread_blocked, id=12980, stack(0x000000fcb7900000,0x000000fcb7a00000)]
  0x0000025548de0000 JavaThread "Unconstrained build operations Thread 17" [_thread_blocked, id=14512, stack(0x000000fcb7a00000,0x000000fcb7b00000)]
  0x0000025548de5000 JavaThread "Unconstrained build operations Thread 18" [_thread_blocked, id=9336, stack(0x000000fcb7b00000,0x000000fcb7c00000)]
  0x0000025548de2800 JavaThread "Unconstrained build operations Thread 19" [_thread_blocked, id=16944, stack(0x000000fcb7c00000,0x000000fcb7d00000)]
  0x0000025548de3800 JavaThread "Unconstrained build operations Thread 20" [_thread_blocked, id=2056, stack(0x000000fcb7d00000,0x000000fcb7e00000)]
  0x0000025548de6000 JavaThread "Unconstrained build operations Thread 21" [_thread_blocked, id=9844, stack(0x000000fcb7e00000,0x000000fcb7f00000)]
  0x0000025548de1000 JavaThread "Unconstrained build operations Thread 22" [_thread_blocked, id=2484, stack(0x000000fcb7f00000,0x000000fcb8000000)]
  0x0000025548de2000 JavaThread "Unconstrained build operations Thread 23" [_thread_blocked, id=15364, stack(0x000000fcb8000000,0x000000fcb8100000)]
  0x000002554774d000 JavaThread "Unconstrained build operations Thread 24" [_thread_blocked, id=17196, stack(0x000000fcb8100000,0x000000fcb8200000)]
  0x000002554774f800 JavaThread "Unconstrained build operations Thread 25" [_thread_blocked, id=13936, stack(0x000000fcb8200000,0x000000fcb8300000)]
  0x000002554774d800 JavaThread "Unconstrained build operations Thread 26" [_thread_blocked, id=5552, stack(0x000000fcb8300000,0x000000fcb8400000)]
  0x0000025547754000 JavaThread "Unconstrained build operations Thread 27" [_thread_blocked, id=11924, stack(0x000000fcb8400000,0x000000fcb8500000)]
  0x000002554774e800 JavaThread "Unconstrained build operations Thread 28" [_thread_blocked, id=14624, stack(0x000000fcb8500000,0x000000fcb8600000)]
  0x0000025547755000 JavaThread "Unconstrained build operations Thread 29" [_thread_blocked, id=17624, stack(0x000000fcb8600000,0x000000fcb8700000)]
  0x0000025547756000 JavaThread "Unconstrained build operations Thread 30" [_thread_blocked, id=11288, stack(0x000000fcb8700000,0x000000fcb8800000)]
  0x0000025547750000 JavaThread "Unconstrained build operations Thread 31" [_thread_blocked, id=14944, stack(0x000000fcb8800000,0x000000fcb8900000)]
  0x0000025547752000 JavaThread "Unconstrained build operations Thread 32" [_thread_blocked, id=7720, stack(0x000000fcb8900000,0x000000fcb8a00000)]
  0x0000025547756800 JavaThread "Unconstrained build operations Thread 33" [_thread_blocked, id=9500, stack(0x000000fcb8a00000,0x000000fcb8b00000)]
  0x0000025547752800 JavaThread "Unconstrained build operations Thread 34" [_thread_blocked, id=11128, stack(0x000000fcb8b00000,0x000000fcb8c00000)]
  0x0000025547753800 JavaThread "Unconstrained build operations Thread 35" [_thread_blocked, id=15340, stack(0x000000fcb8c00000,0x000000fcb8d00000)]
  0x0000025547751000 JavaThread "Unconstrained build operations Thread 36" [_thread_blocked, id=14428, stack(0x000000fcb8d00000,0x000000fcb8e00000)]
  0x000002554775a000 JavaThread "Unconstrained build operations Thread 37" [_thread_blocked, id=13932, stack(0x000000fcb8e00000,0x000000fcb8f00000)]
  0x0000025547757800 JavaThread "Unconstrained build operations Thread 38" [_thread_blocked, id=16660, stack(0x000000fcb8f00000,0x000000fcb9000000)]
  0x000002554775b000 JavaThread "Unconstrained build operations Thread 39" [_thread_blocked, id=13020, stack(0x000000fcb9000000,0x000000fcb9100000)]
  0x0000025547758800 JavaThread "Unconstrained build operations Thread 40" [_thread_blocked, id=9088, stack(0x000000fcb9100000,0x000000fcb9200000)]
  0x0000025546292800 JavaThread "Memory manager" [_thread_blocked, id=13524, stack(0x000000fcb9200000,0x000000fcb9300000)]
=>0x0000025546295800 JavaThread "C2 CompilerThread1" daemon [_thread_in_native, id=15876, stack(0x000000fcb4f00000,0x000000fcb5000000)]

Other Threads:
  0x0000025542f80000 VMThread "VM Thread" [stack: 0x000000fcb4000000,0x000000fcb4100000] [id=3744]
  0x0000025543a8c800 WatcherThread [stack: 0x000000fcb4a00000,0x000000fcb4b00000] [id=9256]
  0x00000255293b6800 GCTaskThread "GC Thread#0" [stack: 0x000000fcb3b00000,0x000000fcb3c00000] [id=7792]
  0x0000025543b2b800 GCTaskThread "GC Thread#1" [stack: 0x000000fcb4c00000,0x000000fcb4d00000] [id=672]
  0x0000025544385800 GCTaskThread "GC Thread#2" [stack: 0x000000fcb4d00000,0x000000fcb4e00000] [id=12636]
  0x00000255453bc800 GCTaskThread "GC Thread#3" [stack: 0x000000fcb5800000,0x000000fcb5900000] [id=4852]
  0x00000255293e7800 ConcurrentGCThread "G1 Main Marker" [stack: 0x000000fcb3c00000,0x000000fcb3d00000] [id=16592]
  0x00000255293e9800 ConcurrentGCThread "G1 Conc#0" [stack: 0x000000fcb3d00000,0x000000fcb3e00000] [id=6688]
  0x0000025529477000 ConcurrentGCThread "G1 Refine#0" [stack: 0x000000fcb3e00000,0x000000fcb3f00000] [id=8328]
  0x0000025529478000 ConcurrentGCThread "G1 Young RemSet Sampling" [stack: 0x000000fcb3f00000,0x000000fcb4000000] [id=17020]

Threads with active compile tasks:
C2 CompilerThread0  23941 13049       4       java.io.ObjectOutputStream$HandleTable::lookup (56 bytes)
C2 CompilerThread1  23941 12988       4       org.gradle.tooling.internal.adapter.ProtocolToModelAdapter$InvocationHandlerImpl::invoke (176 bytes)

VM state:not at safepoint (normal execution)

VM Mutex/Monitor currently owned by a thread: None

Heap address: 0x0000000080000000, size: 2048 MB, Compressed Oops mode: 32-bit
Narrow klass base: 0x0000000000000000, Narrow klass shift: 3
Compressed class space size: 1073741824 Address: 0x0000000100000000

Heap:
 garbage-first heap   total 270336K, used 130408K [0x0000000080000000, 0x0000000100000000)
  region size 1024K, 23 young (23552K), 11 survivors (11264K)
 Metaspace       used 108161K, capacity 111133K, committed 111292K, reserved 1146880K
  class space    used 13891K, capacity 14975K, committed 15052K, reserved 1048576K
Heap Regions: E=young(eden), S=young(survivor), O=old, HS=humongous(starts), HC=humongous(continues), CS=collection set, F=free, A=archive, TAMS=top-at-mark-start (previous, next)
|   0|0x0000000080000000, 0x0000000080100000, 0x0000000080100000|100%|HS|  |TAMS 0x0000000080100000, 0x0000000080000000| Complete 
|   1|0x0000000080100000, 0x0000000080200000, 0x0000000080200000|100%|HC|  |TAMS 0x0000000080200000, 0x0000000080100000| Complete 
|   2|0x0000000080200000, 0x0000000080300000, 0x0000000080300000|100%|HC|  |TAMS 0x0000000080300000, 0x0000000080200000| Complete 
|   3|0x0000000080300000, 0x0000000080400000, 0x0000000080400000|100%| O|  |TAMS 0x0000000080400000, 0x0000000080300000| Untracked 
|   4|0x0000000080400000, 0x0000000080500000, 0x0000000080500000|100%| O|  |TAMS 0x0000000080500000, 0x0000000080400000| Untracked 
|   5|0x0000000080500000, 0x0000000080600000, 0x0000000080600000|100%| O|  |TAMS 0x0000000080600000, 0x0000000080500000| Untracked 
|   6|0x0000000080600000, 0x0000000080700000, 0x0000000080700000|100%| O|  |TAMS 0x0000000080700000, 0x0000000080600000| Untracked 
|   7|0x0000000080700000, 0x0000000080800000, 0x0000000080800000|100%| O|  |TAMS 0x0000000080800000, 0x0000000080700000| Untracked 
|   8|0x0000000080800000, 0x0000000080900000, 0x0000000080900000|100%| O|  |TAMS 0x0000000080900000, 0x0000000080800000| Untracked 
|   9|0x0000000080900000, 0x0000000080a00000, 0x0000000080a00000|100%| O|  |TAMS 0x0000000080a00000, 0x0000000080900000| Untracked 
|  10|0x0000000080a00000, 0x0000000080b00000, 0x0000000080b00000|100%| O|  |TAMS 0x0000000080b00000, 0x0000000080a00000| Untracked 
|  11|0x0000000080b00000, 0x0000000080c00000, 0x0000000080c00000|100%| O|  |TAMS 0x0000000080c00000, 0x0000000080b00000| Untracked 
|  12|0x0000000080c00000, 0x0000000080d00000, 0x0000000080d00000|100%| O|  |TAMS 0x0000000080d00000, 0x0000000080c00000| Untracked 
|  13|0x0000000080d00000, 0x0000000080e00000, 0x0000000080e00000|100%| O|  |TAMS 0x0000000080e00000, 0x0000000080d00000| Untracked 
|  14|0x0000000080e00000, 0x0000000080f00000, 0x0000000080f00000|100%| O|  |TAMS 0x0000000080f00000, 0x0000000080e00000| Untracked 
|  15|0x0000000080f00000, 0x0000000081000000, 0x0000000081000000|100%| O|  |TAMS 0x0000000081000000, 0x0000000080f00000| Untracked 
|  16|0x0000000081000000, 0x0000000081100000, 0x0000000081100000|100%|HS|  |TAMS 0x0000000081100000, 0x0000000081000000| Complete 
|  17|0x0000000081100000, 0x0000000081200000, 0x0000000081200000|100%|HC|  |TAMS 0x0000000081200000, 0x0000000081100000| Complete 
|  18|0x0000000081200000, 0x0000000081300000, 0x0000000081300000|100%|HS|  |TAMS 0x0000000081300000, 0x0000000081200000| Complete 
|  19|0x0000000081300000, 0x0000000081400000, 0x0000000081400000|100%|HC|  |TAMS 0x0000000081400000, 0x0000000081300000| Complete 
|  20|0x0000000081400000, 0x0000000081500000, 0x0000000081500000|100%|HC|  |TAMS 0x0000000081500000, 0x0000000081400000| Complete 
|  21|0x0000000081500000, 0x0000000081600000, 0x0000000081600000|100%|HS|  |TAMS 0x0000000081600000, 0x0000000081500000| Complete 
|  22|0x0000000081600000, 0x0000000081700000, 0x0000000081700000|100%|HC|  |TAMS 0x0000000081700000, 0x0000000081600000| Complete 
|  23|0x0000000081700000, 0x0000000081800000, 0x0000000081800000|100%|HC|  |TAMS 0x0000000081800000, 0x0000000081700000| Complete 
|  24|0x0000000081800000, 0x0000000081900000, 0x0000000081900000|100%|HC|  |TAMS 0x0000000081900000, 0x0000000081800000| Complete 
|  25|0x0000000081900000, 0x0000000081a00000, 0x0000000081a00000|100%| O|  |TAMS 0x0000000081a00000, 0x0000000081900000| Untracked 
|  26|0x0000000081a00000, 0x0000000081b00000, 0x0000000081b00000|100%| O|  |TAMS 0x0000000081b00000, 0x0000000081a00000| Untracked 
|  27|0x0000000081b00000, 0x0000000081c00000, 0x0000000081c00000|100%| O|  |TAMS 0x0000000081c00000, 0x0000000081b00000| Untracked 
|  28|0x0000000081c00000, 0x0000000081d00000, 0x0000000081d00000|100%| O|  |TAMS 0x0000000081d00000, 0x0000000081c00000| Untracked 
|  29|0x0000000081d00000, 0x0000000081e00000, 0x0000000081e00000|100%| O|  |TAMS 0x0000000081e00000, 0x0000000081d00000| Untracked 
|  30|0x0000000081e00000, 0x0000000081f00000, 0x0000000081f00000|100%| O|  |TAMS 0x0000000081f00000, 0x0000000081e00000| Untracked 
|  31|0x0000000081f00000, 0x0000000082000000, 0x0000000082000000|100%| O|  |TAMS 0x0000000082000000, 0x0000000081f00000| Untracked 
|  32|0x0000000082000000, 0x0000000082100000, 0x0000000082100000|100%| O|  |TAMS 0x0000000082100000, 0x0000000082000000| Untracked 
|  33|0x0000000082100000, 0x0000000082200000, 0x0000000082200000|100%| O|  |TAMS 0x0000000082200000, 0x0000000082100000| Untracked 
|  34|0x0000000082200000, 0x0000000082300000, 0x0000000082300000|100%| O|  |TAMS 0x0000000082300000, 0x0000000082200000| Untracked 
|  35|0x0000000082300000, 0x0000000082400000, 0x0000000082400000|100%|HS|  |TAMS 0x0000000082400000, 0x0000000082300000| Complete 
|  36|0x0000000082400000, 0x0000000082500000, 0x0000000082500000|100%|HC|  |TAMS 0x0000000082500000, 0x0000000082400000| Complete 
|  37|0x0000000082500000, 0x0000000082600000, 0x0000000082600000|100%|HC|  |TAMS 0x0000000082600000, 0x0000000082500000| Complete 
|  38|0x0000000082600000, 0x0000000082700000, 0x0000000082700000|100%| O|  |TAMS 0x0000000082700000, 0x0000000082600000| Untracked 
|  39|0x0000000082700000, 0x0000000082800000, 0x0000000082800000|100%| O|  |TAMS 0x0000000082800000, 0x0000000082700000| Untracked 
|  40|0x0000000082800000, 0x0000000082900000, 0x0000000082900000|100%| O|  |TAMS 0x0000000082900000, 0x0000000082800000| Untracked 
|  41|0x0000000082900000, 0x0000000082a00000, 0x0000000082a00000|100%|HS|  |TAMS 0x0000000082a00000, 0x0000000082900000| Complete 
|  42|0x0000000082a00000, 0x0000000082b00000, 0x0000000082b00000|100%|HS|  |TAMS 0x0000000082b00000, 0x0000000082a00000| Complete 
|  43|0x0000000082b00000, 0x0000000082c00000, 0x0000000082c00000|100%|HC|  |TAMS 0x0000000082c00000, 0x0000000082b00000| Complete 
|  44|0x0000000082c00000, 0x0000000082d00000, 0x0000000082d00000|100%|HC|  |TAMS 0x0000000082d00000, 0x0000000082c00000| Complete 
|  45|0x0000000082d00000, 0x0000000082e00000, 0x0000000082e00000|100%|HC|  |TAMS 0x0000000082e00000, 0x0000000082d00000| Complete 
|  46|0x0000000082e00000, 0x0000000082f00000, 0x0000000082f00000|100%| O|  |TAMS 0x0000000082f00000, 0x0000000082e00000| Untracked 
|  47|0x0000000082f00000, 0x0000000083000000, 0x0000000083000000|100%| O|  |TAMS 0x0000000083000000, 0x0000000082f00000| Untracked 
|  48|0x0000000083000000, 0x0000000083100000, 0x0000000083100000|100%| O|  |TAMS 0x0000000083100000, 0x0000000083000000| Untracked 
|  49|0x0000000083100000, 0x0000000083200000, 0x0000000083200000|100%|HS|  |TAMS 0x0000000083200000, 0x0000000083100000| Complete 
|  50|0x0000000083200000, 0x0000000083300000, 0x0000000083300000|100%|HS|  |TAMS 0x0000000083300000, 0x0000000083200000| Complete 
|  51|0x0000000083300000, 0x0000000083400000, 0x0000000083400000|100%| O|  |TAMS 0x0000000083400000, 0x0000000083300000| Untracked 
|  52|0x0000000083400000, 0x0000000083500000, 0x0000000083500000|100%| O|  |TAMS 0x0000000083500000, 0x0000000083400000| Untracked 
|  53|0x0000000083500000, 0x0000000083600000, 0x0000000083600000|100%| O|  |TAMS 0x0000000083600000, 0x0000000083500000| Untracked 
|  54|0x0000000083600000, 0x0000000083700000, 0x0000000083700000|100%| O|  |TAMS 0x0000000083700000, 0x0000000083600000| Untracked 
|  55|0x0000000083700000, 0x0000000083800000, 0x0000000083800000|100%|HS|  |TAMS 0x0000000083800000, 0x0000000083700000| Complete 
|  56|0x0000000083800000, 0x0000000083900000, 0x0000000083900000|100%|HC|  |TAMS 0x0000000083900000, 0x0000000083800000| Complete 
|  57|0x0000000083900000, 0x0000000083a00000, 0x0000000083a00000|100%| O|  |TAMS 0x0000000083a00000, 0x0000000083900000| Untracked 
|  58|0x0000000083a00000, 0x0000000083b00000, 0x0000000083b00000|100%| O|  |TAMS 0x0000000083b00000, 0x0000000083a00000| Untracked 
|  59|0x0000000083b00000, 0x0000000083c00000, 0x0000000083c00000|100%| O|  |TAMS 0x0000000083c00000, 0x0000000083b00000| Untracked 
|  60|0x0000000083c00000, 0x0000000083d00000, 0x0000000083d00000|100%| O|  |TAMS 0x0000000083d00000, 0x0000000083c00000| Untracked 
|  61|0x0000000083d00000, 0x0000000083e00000, 0x0000000083e00000|100%| O|  |TAMS 0x0000000083e00000, 0x0000000083d00000| Untracked 
|  62|0x0000000083e00000, 0x0000000083f00000, 0x0000000083f00000|100%| O|  |TAMS 0x0000000083f00000, 0x0000000083e00000| Untracked 
|  63|0x0000000083f00000, 0x0000000084000000, 0x0000000084000000|100%| O|  |TAMS 0x0000000084000000, 0x0000000083f00000| Untracked 
|  64|0x0000000084000000, 0x0000000084100000, 0x0000000084100000|100%| O|  |TAMS 0x0000000084100000, 0x0000000084000000| Untracked 
|  65|0x0000000084100000, 0x0000000084200000, 0x0000000084200000|100%| O|  |TAMS 0x0000000084200000, 0x0000000084100000| Untracked 
|  66|0x0000000084200000, 0x0000000084300000, 0x0000000084300000|100%| O|  |TAMS 0x0000000084300000, 0x0000000084200000| Untracked 
|  67|0x0000000084300000, 0x0000000084400000, 0x0000000084400000|100%| O|  |TAMS 0x0000000084400000, 0x0000000084300000| Untracked 
|  68|0x0000000084400000, 0x0000000084500000, 0x0000000084500000|100%| O|  |TAMS 0x00000000844daa00, 0x0000000084400000| Untracked 
|  69|0x0000000084500000, 0x0000000084600000, 0x0000000084600000|100%|HS|  |TAMS 0x0000000084500000, 0x0000000084500000| Complete 
|  70|0x0000000084600000, 0x0000000084700000, 0x0000000084700000|100%|HC|  |TAMS 0x0000000084600000, 0x0000000084600000| Complete 
|  71|0x0000000084700000, 0x0000000084800000, 0x0000000084800000|100%|HS|  |TAMS 0x0000000084700000, 0x0000000084700000| Complete 
|  72|0x0000000084800000, 0x0000000084900000, 0x0000000084900000|100%|HC|  |TAMS 0x0000000084800000, 0x0000000084800000| Complete 
|  73|0x0000000084900000, 0x0000000084a00000, 0x0000000084a00000|100%|HC|  |TAMS 0x0000000084900000, 0x0000000084900000| Complete 
|  74|0x0000000084a00000, 0x0000000084b00000, 0x0000000084b00000|100%|HS|  |TAMS 0x0000000084a00000, 0x0000000084a00000| Complete 
|  75|0x0000000084b00000, 0x0000000084c00000, 0x0000000084c00000|100%|HC|  |TAMS 0x0000000084b00000, 0x0000000084b00000| Complete 
|  76|0x0000000084c00000, 0x0000000084d00000, 0x0000000084d00000|100%|HC|  |TAMS 0x0000000084c00000, 0x0000000084c00000| Complete 
|  77|0x0000000084d00000, 0x0000000084e00000, 0x0000000084e00000|100%|HC|  |TAMS 0x0000000084d00000, 0x0000000084d00000| Complete 
|  78|0x0000000084e00000, 0x0000000084f00000, 0x0000000084f00000|100%| O|  |TAMS 0x0000000084e00000, 0x0000000084e00000| Untracked 
|  79|0x0000000084f00000, 0x0000000085000000, 0x0000000085000000|100%| O|  |TAMS 0x0000000084f00000, 0x0000000084f00000| Untracked 
|  80|0x0000000085000000, 0x0000000085100000, 0x0000000085100000|100%| O|  |TAMS 0x0000000085000000, 0x0000000085000000| Untracked 
|  81|0x0000000085100000, 0x0000000085200000, 0x0000000085200000|100%| O|  |TAMS 0x0000000085100000, 0x0000000085100000| Untracked 
|  82|0x0000000085200000, 0x0000000085300000, 0x0000000085300000|100%| O|  |TAMS 0x0000000085200000, 0x0000000085200000| Untracked 
|  83|0x0000000085300000, 0x0000000085400000, 0x0000000085400000|100%| O|  |TAMS 0x0000000085300000, 0x0000000085300000| Untracked 
|  84|0x0000000085400000, 0x0000000085500000, 0x0000000085500000|100%| O|  |TAMS 0x0000000085400000, 0x0000000085400000| Untracked 
|  85|0x0000000085500000, 0x0000000085600000, 0x0000000085600000|100%| O|  |TAMS 0x0000000085500000, 0x0000000085500000| Untracked 
|  86|0x0000000085600000, 0x0000000085700000, 0x0000000085700000|100%| O|  |TAMS 0x0000000085600000, 0x0000000085600000| Untracked 
|  87|0x0000000085700000, 0x0000000085800000, 0x0000000085800000|100%| O|  |TAMS 0x0000000085700000, 0x0000000085700000| Untracked 
|  88|0x0000000085800000, 0x0000000085900000, 0x0000000085900000|100%| O|  |TAMS 0x0000000085800000, 0x0000000085800000| Untracked 
|  89|0x0000000085900000, 0x0000000085a00000, 0x0000000085a00000|100%| O|  |TAMS 0x0000000085900000, 0x0000000085900000| Untracked 
|  90|0x0000000085a00000, 0x0000000085b00000, 0x0000000085b00000|100%| O|  |TAMS 0x0000000085a00000, 0x0000000085a00000| Untracked 
|  91|0x0000000085b00000, 0x0000000085c00000, 0x0000000085c00000|100%| O|  |TAMS 0x0000000085b00000, 0x0000000085b00000| Untracked 
|  92|0x0000000085c00000, 0x0000000085d00000, 0x0000000085d00000|100%| O|  |TAMS 0x0000000085c00000, 0x0000000085c00000| Untracked 
|  93|0x0000000085d00000, 0x0000000085e00000, 0x0000000085e00000|100%| O|  |TAMS 0x0000000085d00000, 0x0000000085d00000| Untracked 
|  94|0x0000000085e00000, 0x0000000085f00000, 0x0000000085f00000|100%| O|  |TAMS 0x0000000085e00000, 0x0000000085e00000| Untracked 
|  95|0x0000000085f00000, 0x0000000086000000, 0x0000000086000000|100%| O|  |TAMS 0x0000000085f00000, 0x0000000085f00000| Untracked 
|  96|0x0000000086000000, 0x0000000086100000, 0x0000000086100000|100%| O|  |TAMS 0x0000000086000000, 0x0000000086000000| Untracked 
|  97|0x0000000086100000, 0x0000000086200000, 0x0000000086200000|100%| O|  |TAMS 0x0000000086100000, 0x0000000086100000| Untracked 
|  98|0x0000000086200000, 0x0000000086300000, 0x0000000086300000|100%| O|  |TAMS 0x0000000086200000, 0x0000000086200000| Untracked 
|  99|0x0000000086300000, 0x0000000086400000, 0x0000000086400000|100%| O|  |TAMS 0x0000000086300000, 0x0000000086300000| Untracked 
| 100|0x0000000086400000, 0x0000000086500000, 0x0000000086500000|100%| O|  |TAMS 0x0000000086400000, 0x0000000086400000| Untracked 
| 101|0x0000000086500000, 0x0000000086600000, 0x0000000086600000|100%| O|  |TAMS 0x0000000086500000, 0x0000000086500000| Untracked 
| 102|0x0000000086600000, 0x0000000086700000, 0x0000000086700000|100%| O|  |TAMS 0x0000000086600000, 0x0000000086600000| Untracked 
| 103|0x0000000086700000, 0x0000000086800000, 0x0000000086800000|100%| O|  |TAMS 0x0000000086700000, 0x0000000086700000| Untracked 
| 104|0x0000000086800000, 0x0000000086900000, 0x0000000086900000|100%| O|  |TAMS 0x0000000086800000, 0x0000000086800000| Untracked 
| 105|0x0000000086900000, 0x000000008695f000, 0x0000000086a00000| 37%| O|  |TAMS 0x0000000086900000, 0x0000000086900000| Untracked 
| 106|0x0000000086a00000, 0x0000000086a00000, 0x0000000086b00000|  0%| F|  |TAMS 0x0000000086a00000, 0x0000000086a00000| Untracked 
| 107|0x0000000086b00000, 0x0000000086b00000, 0x0000000086c00000|  0%| F|  |TAMS 0x0000000086b00000, 0x0000000086b00000| Untracked 
| 108|0x0000000086c00000, 0x0000000086c00000, 0x0000000086d00000|  0%| F|  |TAMS 0x0000000086c00000, 0x0000000086c00000| Untracked 
| 109|0x0000000086d00000, 0x0000000086d00000, 0x0000000086e00000|  0%| F|  |TAMS 0x0000000086d00000, 0x0000000086d00000| Untracked 
| 110|0x0000000086e00000, 0x0000000086e00000, 0x0000000086f00000|  0%| F|  |TAMS 0x0000000086e00000, 0x0000000086e00000| Untracked 
| 111|0x0000000086f00000, 0x0000000086f00000, 0x0000000087000000|  0%| F|  |TAMS 0x0000000086f00000, 0x0000000086f00000| Untracked 
| 112|0x0000000087000000, 0x0000000087000000, 0x0000000087100000|  0%| F|  |TAMS 0x0000000087000000, 0x0000000087000000| Untracked 
| 113|0x0000000087100000, 0x0000000087100000, 0x0000000087200000|  0%| F|  |TAMS 0x0000000087100000, 0x0000000087100000| Untracked 
| 114|0x0000000087200000, 0x0000000087200000, 0x0000000087300000|  0%| F|  |TAMS 0x0000000087200000, 0x0000000087200000| Untracked 
| 115|0x0000000087300000, 0x0000000087300000, 0x0000000087400000|  0%| F|  |TAMS 0x0000000087300000, 0x0000000087300000| Untracked 
| 116|0x0000000087400000, 0x0000000087400000, 0x0000000087500000|  0%| F|  |TAMS 0x0000000087400000, 0x0000000087400000| Untracked 
| 117|0x0000000087500000, 0x0000000087500000, 0x0000000087600000|  0%| F|  |TAMS 0x0000000087500000, 0x0000000087500000| Untracked 
| 118|0x0000000087600000, 0x0000000087600000, 0x0000000087700000|  0%| F|  |TAMS 0x0000000087600000, 0x0000000087600000| Untracked 
| 119|0x0000000087700000, 0x0000000087700000, 0x0000000087800000|  0%| F|  |TAMS 0x0000000087700000, 0x0000000087700000| Untracked 
| 120|0x0000000087800000, 0x0000000087800000, 0x0000000087900000|  0%| F|  |TAMS 0x0000000087800000, 0x0000000087800000| Untracked 
| 121|0x0000000087900000, 0x0000000087900000, 0x0000000087a00000|  0%| F|  |TAMS 0x0000000087900000, 0x0000000087900000| Untracked 
| 122|0x0000000087a00000, 0x0000000087a00000, 0x0000000087b00000|  0%| F|  |TAMS 0x0000000087a00000, 0x0000000087a00000| Untracked 
| 123|0x0000000087b00000, 0x0000000087b00000, 0x0000000087c00000|  0%| F|  |TAMS 0x0000000087b00000, 0x0000000087b00000| Untracked 
| 124|0x0000000087c00000, 0x0000000087c00000, 0x0000000087d00000|  0%| F|  |TAMS 0x0000000087c00000, 0x0000000087c00000| Untracked 
| 125|0x0000000087d00000, 0x0000000087d00000, 0x0000000087e00000|  0%| F|  |TAMS 0x0000000087d00000, 0x0000000087d00000| Untracked 
| 126|0x0000000087e00000, 0x0000000087e00000, 0x0000000087f00000|  0%| F|  |TAMS 0x0000000087e00000, 0x0000000087e00000| Untracked 
| 127|0x0000000087f00000, 0x0000000087f00000, 0x0000000088000000|  0%| F|  |TAMS 0x0000000087f00000, 0x0000000087f00000| Untracked 
| 128|0x0000000088000000, 0x0000000088000000, 0x0000000088100000|  0%| F|  |TAMS 0x0000000088000000, 0x0000000088000000| Untracked 
| 129|0x0000000088100000, 0x0000000088100000, 0x0000000088200000|  0%| F|  |TAMS 0x0000000088100000, 0x0000000088100000| Untracked 
| 130|0x0000000088200000, 0x0000000088200000, 0x0000000088300000|  0%| F|  |TAMS 0x0000000088200000, 0x0000000088200000| Untracked 
| 131|0x0000000088300000, 0x0000000088300000, 0x0000000088400000|  0%| F|  |TAMS 0x0000000088300000, 0x0000000088300000| Untracked 
| 132|0x0000000088400000, 0x0000000088400000, 0x0000000088500000|  0%| F|  |TAMS 0x0000000088400000, 0x0000000088400000| Untracked 
| 133|0x0000000088500000, 0x0000000088500000, 0x0000000088600000|  0%| F|  |TAMS 0x0000000088500000, 0x0000000088500000| Untracked 
| 134|0x0000000088600000, 0x0000000088600000, 0x0000000088700000|  0%| F|  |TAMS 0x0000000088600000, 0x0000000088600000| Untracked 
| 135|0x0000000088700000, 0x0000000088700000, 0x0000000088800000|  0%| F|  |TAMS 0x0000000088700000, 0x0000000088700000| Untracked 
| 136|0x0000000088800000, 0x0000000088800000, 0x0000000088900000|  0%| F|  |TAMS 0x0000000088800000, 0x0000000088800000| Untracked 
| 137|0x0000000088900000, 0x0000000088900000, 0x0000000088a00000|  0%| F|  |TAMS 0x0000000088900000, 0x0000000088900000| Untracked 
| 138|0x0000000088a00000, 0x0000000088a00000, 0x0000000088b00000|  0%| F|  |TAMS 0x0000000088a00000, 0x0000000088a00000| Untracked 
| 139|0x0000000088b00000, 0x0000000088b00000, 0x0000000088c00000|  0%| F|  |TAMS 0x0000000088b00000, 0x0000000088b00000| Untracked 
| 140|0x0000000088c00000, 0x0000000088c00000, 0x0000000088d00000|  0%| F|  |TAMS 0x0000000088c00000, 0x0000000088c00000| Untracked 
| 141|0x0000000088d00000, 0x0000000088d00000, 0x0000000088e00000|  0%| F|  |TAMS 0x0000000088d00000, 0x0000000088d00000| Untracked 
| 142|0x0000000088e00000, 0x0000000088e00000, 0x0000000088f00000|  0%| F|  |TAMS 0x0000000088e00000, 0x0000000088e00000| Untracked 
| 143|0x0000000088f00000, 0x0000000088f00000, 0x0000000089000000|  0%| F|  |TAMS 0x0000000088f00000, 0x0000000088f00000| Untracked 
| 144|0x0000000089000000, 0x0000000089000000, 0x0000000089100000|  0%| F|  |TAMS 0x0000000089000000, 0x0000000089000000| Untracked 
| 145|0x0000000089100000, 0x0000000089100000, 0x0000000089200000|  0%| F|  |TAMS 0x0000000089100000, 0x0000000089100000| Untracked 
| 146|0x0000000089200000, 0x0000000089200000, 0x0000000089300000|  0%| F|  |TAMS 0x0000000089200000, 0x0000000089200000| Untracked 
| 147|0x0000000089300000, 0x00000000893fb1b0, 0x0000000089400000| 98%| S|CS|TAMS 0x0000000089300000, 0x0000000089300000| Complete 
| 148|0x0000000089400000, 0x0000000089500000, 0x0000000089500000|100%| S|CS|TAMS 0x0000000089400000, 0x0000000089400000| Complete 
| 149|0x0000000089500000, 0x0000000089600000, 0x0000000089600000|100%| S|CS|TAMS 0x0000000089500000, 0x0000000089500000| Complete 
| 150|0x0000000089600000, 0x0000000089700000, 0x0000000089700000|100%| S|CS|TAMS 0x0000000089600000, 0x0000000089600000| Complete 
| 151|0x0000000089700000, 0x0000000089800000, 0x0000000089800000|100%| S|CS|TAMS 0x0000000089700000, 0x0000000089700000| Complete 
| 152|0x0000000089800000, 0x0000000089900000, 0x0000000089900000|100%| S|CS|TAMS 0x0000000089800000, 0x0000000089800000| Complete 
| 153|0x0000000089900000, 0x0000000089a00000, 0x0000000089a00000|100%| S|CS|TAMS 0x0000000089900000, 0x0000000089900000| Complete 
| 154|0x0000000089a00000, 0x0000000089b00000, 0x0000000089b00000|100%| S|CS|TAMS 0x0000000089a00000, 0x0000000089a00000| Complete 
| 155|0x0000000089b00000, 0x0000000089c00000, 0x0000000089c00000|100%| S|CS|TAMS 0x0000000089b00000, 0x0000000089b00000| Complete 
| 156|0x0000000089c00000, 0x0000000089d00000, 0x0000000089d00000|100%| S|CS|TAMS 0x0000000089c00000, 0x0000000089c00000| Complete 
| 157|0x0000000089d00000, 0x0000000089e00000, 0x0000000089e00000|100%| S|CS|TAMS 0x0000000089d00000, 0x0000000089d00000| Complete 
| 158|0x0000000089e00000, 0x0000000089e00000, 0x0000000089f00000|  0%| F|  |TAMS 0x0000000089e00000, 0x0000000089e00000| Untracked 
| 159|0x0000000089f00000, 0x0000000089f00000, 0x000000008a000000|  0%| F|  |TAMS 0x0000000089f00000, 0x0000000089f00000| Untracked 
| 160|0x000000008a000000, 0x000000008a000000, 0x000000008a100000|  0%| F|  |TAMS 0x000000008a000000, 0x000000008a000000| Untracked 
| 161|0x000000008a100000, 0x000000008a100000, 0x000000008a200000|  0%| F|  |TAMS 0x000000008a100000, 0x000000008a100000| Untracked 
| 162|0x000000008a200000, 0x000000008a200000, 0x000000008a300000|  0%| F|  |TAMS 0x000000008a200000, 0x000000008a200000| Untracked 
| 163|0x000000008a300000, 0x000000008a300000, 0x000000008a400000|  0%| F|  |TAMS 0x000000008a300000, 0x000000008a300000| Untracked 
| 164|0x000000008a400000, 0x000000008a400000, 0x000000008a500000|  0%| F|  |TAMS 0x000000008a400000, 0x000000008a400000| Untracked 
| 165|0x000000008a500000, 0x000000008a500000, 0x000000008a600000|  0%| F|  |TAMS 0x000000008a500000, 0x000000008a500000| Untracked 
| 166|0x000000008a600000, 0x000000008a600000, 0x000000008a700000|  0%| F|  |TAMS 0x000000008a600000, 0x000000008a600000| Untracked 
| 167|0x000000008a700000, 0x000000008a700000, 0x000000008a800000|  0%| F|  |TAMS 0x000000008a700000, 0x000000008a700000| Untracked 
| 168|0x000000008a800000, 0x000000008a800000, 0x000000008a900000|  0%| F|  |TAMS 0x000000008a800000, 0x000000008a800000| Untracked 
| 169|0x000000008a900000, 0x000000008a900000, 0x000000008aa00000|  0%| F|  |TAMS 0x000000008a900000, 0x000000008a900000| Untracked 
| 170|0x000000008aa00000, 0x000000008aa00000, 0x000000008ab00000|  0%| F|  |TAMS 0x000000008aa00000, 0x000000008aa00000| Untracked 
| 171|0x000000008ab00000, 0x000000008ab00000, 0x000000008ac00000|  0%| F|  |TAMS 0x000000008ab00000, 0x000000008ab00000| Untracked 
| 172|0x000000008ac00000, 0x000000008ac00000, 0x000000008ad00000|  0%| F|  |TAMS 0x000000008ac00000, 0x000000008ac00000| Untracked 
| 173|0x000000008ad00000, 0x000000008ad00000, 0x000000008ae00000|  0%| F|  |TAMS 0x000000008ad00000, 0x000000008ad00000| Untracked 
| 174|0x000000008ae00000, 0x000000008ae00000, 0x000000008af00000|  0%| F|  |TAMS 0x000000008ae00000, 0x000000008ae00000| Untracked 
| 175|0x000000008af00000, 0x000000008af00000, 0x000000008b000000|  0%| F|  |TAMS 0x000000008af00000, 0x000000008af00000| Untracked 
| 176|0x000000008b000000, 0x000000008b000000, 0x000000008b100000|  0%| F|  |TAMS 0x000000008b000000, 0x000000008b000000| Untracked 
| 177|0x000000008b100000, 0x000000008b100000, 0x000000008b200000|  0%| F|  |TAMS 0x000000008b100000, 0x000000008b100000| Untracked 
| 178|0x000000008b200000, 0x000000008b200000, 0x000000008b300000|  0%| F|  |TAMS 0x000000008b200000, 0x000000008b200000| Untracked 
| 179|0x000000008b300000, 0x000000008b300000, 0x000000008b400000|  0%| F|  |TAMS 0x000000008b300000, 0x000000008b300000| Untracked 
| 180|0x000000008b400000, 0x000000008b400000, 0x000000008b500000|  0%| F|  |TAMS 0x000000008b400000, 0x000000008b400000| Untracked 
| 181|0x000000008b500000, 0x000000008b500000, 0x000000008b600000|  0%| F|  |TAMS 0x000000008b500000, 0x000000008b500000| Untracked 
| 182|0x000000008b600000, 0x000000008b600000, 0x000000008b700000|  0%| F|  |TAMS 0x000000008b600000, 0x000000008b600000| Untracked 
| 183|0x000000008b700000, 0x000000008b700000, 0x000000008b800000|  0%| F|  |TAMS 0x000000008b700000, 0x000000008b700000| Untracked 
| 184|0x000000008b800000, 0x000000008b800000, 0x000000008b900000|  0%| F|  |TAMS 0x000000008b800000, 0x000000008b800000| Untracked 
| 185|0x000000008b900000, 0x000000008b900000, 0x000000008ba00000|  0%| F|  |TAMS 0x000000008b900000, 0x000000008b900000| Untracked 
| 186|0x000000008ba00000, 0x000000008ba00000, 0x000000008bb00000|  0%| F|  |TAMS 0x000000008ba00000, 0x000000008ba00000| Untracked 
| 187|0x000000008bb00000, 0x000000008bb00000, 0x000000008bc00000|  0%| F|  |TAMS 0x000000008bb00000, 0x000000008bb00000| Untracked 
| 188|0x000000008bc00000, 0x000000008bc00000, 0x000000008bd00000|  0%| F|  |TAMS 0x000000008bc00000, 0x000000008bc00000| Untracked 
| 189|0x000000008bd00000, 0x000000008bd00000, 0x000000008be00000|  0%| F|  |TAMS 0x000000008bd00000, 0x000000008bd00000| Untracked 
| 190|0x000000008be00000, 0x000000008be00000, 0x000000008bf00000|  0%| F|  |TAMS 0x000000008be00000, 0x000000008be00000| Untracked 
| 191|0x000000008bf00000, 0x000000008bf00000, 0x000000008c000000|  0%| F|  |TAMS 0x000000008bf00000, 0x000000008bf00000| Untracked 
| 192|0x000000008c000000, 0x000000008c000000, 0x000000008c100000|  0%| F|  |TAMS 0x000000008c000000, 0x000000008c000000| Untracked 
| 193|0x000000008c100000, 0x000000008c100000, 0x000000008c200000|  0%| F|  |TAMS 0x000000008c100000, 0x000000008c100000| Untracked 
| 194|0x000000008c200000, 0x000000008c200000, 0x000000008c300000|  0%| F|  |TAMS 0x000000008c200000, 0x000000008c200000| Untracked 
| 195|0x000000008c300000, 0x000000008c300000, 0x000000008c400000|  0%| F|  |TAMS 0x000000008c300000, 0x000000008c300000| Untracked 
| 196|0x000000008c400000, 0x000000008c400000, 0x000000008c500000|  0%| F|  |TAMS 0x000000008c400000, 0x000000008c400000| Untracked 
| 197|0x000000008c500000, 0x000000008c500000, 0x000000008c600000|  0%| F|  |TAMS 0x000000008c500000, 0x000000008c500000| Untracked 
| 198|0x000000008c600000, 0x000000008c600000, 0x000000008c700000|  0%| F|  |TAMS 0x000000008c600000, 0x000000008c600000| Untracked 
| 199|0x000000008c700000, 0x000000008c700000, 0x000000008c800000|  0%| F|  |TAMS 0x000000008c700000, 0x000000008c700000| Untracked 
| 200|0x000000008c800000, 0x000000008c800000, 0x000000008c900000|  0%| F|  |TAMS 0x000000008c800000, 0x000000008c800000| Untracked 
| 201|0x000000008c900000, 0x000000008c900000, 0x000000008ca00000|  0%| F|  |TAMS 0x000000008c900000, 0x000000008c900000| Untracked 
| 202|0x000000008ca00000, 0x000000008ca00000, 0x000000008cb00000|  0%| F|  |TAMS 0x000000008ca00000, 0x000000008ca00000| Untracked 
| 203|0x000000008cb00000, 0x000000008cb00000, 0x000000008cc00000|  0%| F|  |TAMS 0x000000008cb00000, 0x000000008cb00000| Untracked 
| 204|0x000000008cc00000, 0x000000008cc00000, 0x000000008cd00000|  0%| F|  |TAMS 0x000000008cc00000, 0x000000008cc00000| Untracked 
| 205|0x000000008cd00000, 0x000000008cd00000, 0x000000008ce00000|  0%| F|  |TAMS 0x000000008cd00000, 0x000000008cd00000| Untracked 
| 206|0x000000008ce00000, 0x000000008ce00000, 0x000000008cf00000|  0%| F|  |TAMS 0x000000008ce00000, 0x000000008ce00000| Untracked 
| 207|0x000000008cf00000, 0x000000008cf00000, 0x000000008d000000|  0%| F|  |TAMS 0x000000008cf00000, 0x000000008cf00000| Untracked 
| 208|0x000000008d000000, 0x000000008d000000, 0x000000008d100000|  0%| F|  |TAMS 0x000000008d000000, 0x000000008d000000| Untracked 
| 209|0x000000008d100000, 0x000000008d100000, 0x000000008d200000|  0%| F|  |TAMS 0x000000008d100000, 0x000000008d100000| Untracked 
| 210|0x000000008d200000, 0x000000008d200000, 0x000000008d300000|  0%| F|  |TAMS 0x000000008d200000, 0x000000008d200000| Untracked 
| 211|0x000000008d300000, 0x000000008d300000, 0x000000008d400000|  0%| F|  |TAMS 0x000000008d300000, 0x000000008d300000| Untracked 
| 212|0x000000008d400000, 0x000000008d400000, 0x000000008d500000|  0%| F|  |TAMS 0x000000008d400000, 0x000000008d400000| Untracked 
| 213|0x000000008d500000, 0x000000008d500000, 0x000000008d600000|  0%| F|  |TAMS 0x000000008d500000, 0x000000008d500000| Untracked 
| 214|0x000000008d600000, 0x000000008d600000, 0x000000008d700000|  0%| F|  |TAMS 0x000000008d600000, 0x000000008d600000| Untracked 
| 215|0x000000008d700000, 0x000000008d700000, 0x000000008d800000|  0%| F|  |TAMS 0x000000008d700000, 0x000000008d700000| Untracked 
| 216|0x000000008d800000, 0x000000008d800000, 0x000000008d900000|  0%| F|  |TAMS 0x000000008d800000, 0x000000008d800000| Untracked 
| 217|0x000000008d900000, 0x000000008d900000, 0x000000008da00000|  0%| F|  |TAMS 0x000000008d900000, 0x000000008d900000| Untracked 
| 218|0x000000008da00000, 0x000000008da00000, 0x000000008db00000|  0%| F|  |TAMS 0x000000008da00000, 0x000000008da00000| Untracked 
| 219|0x000000008db00000, 0x000000008db00000, 0x000000008dc00000|  0%| F|  |TAMS 0x000000008db00000, 0x000000008db00000| Untracked 
| 220|0x000000008dc00000, 0x000000008dc00000, 0x000000008dd00000|  0%| F|  |TAMS 0x000000008dc00000, 0x000000008dc00000| Untracked 
| 221|0x000000008dd00000, 0x000000008dd00000, 0x000000008de00000|  0%| F|  |TAMS 0x000000008dd00000, 0x000000008dd00000| Untracked 
| 222|0x000000008de00000, 0x000000008de00000, 0x000000008df00000|  0%| F|  |TAMS 0x000000008de00000, 0x000000008de00000| Untracked 
| 223|0x000000008df00000, 0x000000008df00000, 0x000000008e000000|  0%| F|  |TAMS 0x000000008df00000, 0x000000008df00000| Untracked 
| 224|0x000000008e000000, 0x000000008e000000, 0x000000008e100000|  0%| F|  |TAMS 0x000000008e000000, 0x000000008e000000| Untracked 
| 225|0x000000008e100000, 0x000000008e100000, 0x000000008e200000|  0%| F|  |TAMS 0x000000008e100000, 0x000000008e100000| Untracked 
| 226|0x000000008e200000, 0x000000008e200000, 0x000000008e300000|  0%| F|  |TAMS 0x000000008e200000, 0x000000008e200000| Untracked 
| 227|0x000000008e300000, 0x000000008e300000, 0x000000008e400000|  0%| F|  |TAMS 0x000000008e300000, 0x000000008e300000| Untracked 
| 228|0x000000008e400000, 0x000000008e400000, 0x000000008e500000|  0%| F|  |TAMS 0x000000008e400000, 0x000000008e400000| Untracked 
| 229|0x000000008e500000, 0x000000008e500000, 0x000000008e600000|  0%| F|  |TAMS 0x000000008e500000, 0x000000008e500000| Untracked 
| 230|0x000000008e600000, 0x000000008e600000, 0x000000008e700000|  0%| F|  |TAMS 0x000000008e600000, 0x000000008e600000| Untracked 
| 231|0x000000008e700000, 0x000000008e700000, 0x000000008e800000|  0%| F|  |TAMS 0x000000008e700000, 0x000000008e700000| Untracked 
| 232|0x000000008e800000, 0x000000008e800000, 0x000000008e900000|  0%| F|  |TAMS 0x000000008e800000, 0x000000008e800000| Untracked 
| 233|0x000000008e900000, 0x000000008e900000, 0x000000008ea00000|  0%| F|  |TAMS 0x000000008e900000, 0x000000008e900000| Untracked 
| 234|0x000000008ea00000, 0x000000008ea00000, 0x000000008eb00000|  0%| F|  |TAMS 0x000000008ea00000, 0x000000008ea00000| Untracked 
| 235|0x000000008eb00000, 0x000000008eb00000, 0x000000008ec00000|  0%| F|  |TAMS 0x000000008eb00000, 0x000000008eb00000| Untracked 
| 236|0x000000008ec00000, 0x000000008ec00000, 0x000000008ed00000|  0%| F|  |TAMS 0x000000008ec00000, 0x000000008ec00000| Untracked 
| 237|0x000000008ed00000, 0x000000008ed00000, 0x000000008ee00000|  0%| F|  |TAMS 0x000000008ed00000, 0x000000008ed00000| Untracked 
| 238|0x000000008ee00000, 0x000000008ee00000, 0x000000008ef00000|  0%| F|  |TAMS 0x000000008ee00000, 0x000000008ee00000| Untracked 
| 239|0x000000008ef00000, 0x000000008ef00000, 0x000000008f000000|  0%| F|  |TAMS 0x000000008ef00000, 0x000000008ef00000| Untracked 
| 240|0x000000008f000000, 0x000000008f000000, 0x000000008f100000|  0%| F|  |TAMS 0x000000008f000000, 0x000000008f000000| Untracked 
| 241|0x000000008f100000, 0x000000008f100000, 0x000000008f200000|  0%| F|  |TAMS 0x000000008f100000, 0x000000008f100000| Untracked 
| 242|0x000000008f200000, 0x000000008f200000, 0x000000008f300000|  0%| F|  |TAMS 0x000000008f200000, 0x000000008f200000| Untracked 
| 243|0x000000008f300000, 0x000000008f300000, 0x000000008f400000|  0%| F|  |TAMS 0x000000008f300000, 0x000000008f300000| Untracked 
| 244|0x000000008f400000, 0x000000008f400000, 0x000000008f500000|  0%| F|  |TAMS 0x000000008f400000, 0x000000008f400000| Untracked 
| 245|0x000000008f500000, 0x000000008f500000, 0x000000008f600000|  0%| F|  |TAMS 0x000000008f500000, 0x000000008f500000| Untracked 
| 246|0x000000008f600000, 0x000000008f600000, 0x000000008f700000|  0%| F|  |TAMS 0x000000008f600000, 0x000000008f600000| Untracked 
| 247|0x000000008f700000, 0x000000008f700000, 0x000000008f800000|  0%| F|  |TAMS 0x000000008f700000, 0x000000008f700000| Untracked 
| 248|0x000000008f800000, 0x000000008f800000, 0x000000008f900000|  0%| F|  |TAMS 0x000000008f800000, 0x000000008f800000| Untracked 
| 249|0x000000008f900000, 0x000000008f900000, 0x000000008fa00000|  0%| F|  |TAMS 0x000000008f900000, 0x000000008f900000| Untracked 
| 250|0x000000008fa00000, 0x000000008fa00000, 0x000000008fb00000|  0%| F|  |TAMS 0x000000008fa00000, 0x000000008fa00000| Untracked 
| 251|0x000000008fb00000, 0x000000008fb00000, 0x000000008fc00000|  0%| F|  |TAMS 0x000000008fb00000, 0x000000008fb00000| Untracked 
| 252|0x000000008fc00000, 0x000000008fc8f4c8, 0x000000008fd00000| 55%| E|  |TAMS 0x000000008fc00000, 0x000000008fc00000| Complete 
| 253|0x000000008fd00000, 0x000000008fe00000, 0x000000008fe00000|100%| E|CS|TAMS 0x000000008fd00000, 0x000000008fd00000| Complete 
| 254|0x000000008fe00000, 0x000000008ff00000, 0x000000008ff00000|100%| E|CS|TAMS 0x000000008fe00000, 0x000000008fe00000| Complete 
| 255|0x000000008ff00000, 0x0000000090000000, 0x0000000090000000|100%| E|CS|TAMS 0x000000008ff00000, 0x000000008ff00000| Complete 
| 256|0x0000000090000000, 0x0000000090100000, 0x0000000090100000|100%| E|CS|TAMS 0x0000000090000000, 0x0000000090000000| Complete 
| 257|0x0000000090100000, 0x0000000090200000, 0x0000000090200000|100%| E|CS|TAMS 0x0000000090100000, 0x0000000090100000| Complete 
| 258|0x0000000090200000, 0x0000000090300000, 0x0000000090300000|100%| E|CS|TAMS 0x0000000090200000, 0x0000000090200000| Complete 
| 259|0x0000000090300000, 0x0000000090400000, 0x0000000090400000|100%| E|CS|TAMS 0x0000000090300000, 0x0000000090300000| Complete 
| 260|0x0000000090400000, 0x0000000090500000, 0x0000000090500000|100%| E|CS|TAMS 0x0000000090400000, 0x0000000090400000| Complete 
| 261|0x0000000090500000, 0x0000000090600000, 0x0000000090600000|100%| E|CS|TAMS 0x0000000090500000, 0x0000000090500000| Complete 
| 262|0x0000000090600000, 0x0000000090700000, 0x0000000090700000|100%| E|CS|TAMS 0x0000000090600000, 0x0000000090600000| Complete 
| 263|0x0000000090700000, 0x0000000090800000, 0x0000000090800000|100%| E|CS|TAMS 0x0000000090700000, 0x0000000090700000| Complete 

Card table byte_map: [0x000002553c2a0000,0x000002553c6a0000] _byte_map_base: 0x000002553bea0000

Marking Bits (Prev, Next): (CMBitMap*) 0x00000255293de7a0, (CMBitMap*) 0x00000255293de768
 Prev Bits: [0x000002553eaa0000, 0x0000025540aa0000)
 Next Bits: [0x000002553caa0000, 0x000002553eaa0000)

Polling page: 0x0000025527300000

Metaspace:

Usage:
  Non-class:     93.90 MB capacity,    92.06 MB ( 98%) used,     1.54 MB (  2%) free+waste,   314.19 KB ( <1%) overhead. 
      Class:     14.62 MB capacity,    13.57 MB ( 93%) used,   937.47 KB (  6%) free+waste,   146.25 KB ( <1%) overhead. 
       Both:    108.53 MB capacity,   105.63 MB ( 97%) used,     2.45 MB (  2%) free+waste,   460.44 KB ( <1%) overhead. 

Virtual space:
  Non-class space:       96.00 MB reserved,      93.98 MB ( 98%) committed 
      Class space:        1.00 GB reserved,      14.70 MB (  1%) committed 
             Both:        1.09 GB reserved,     108.68 MB ( 10%) committed 

Chunk freelists:
   Non-Class:  0 bytes
       Class:  0 bytes
        Both:  0 bytes

MaxMetaspaceSize: 17179869184.00 GB
CompressedClassSpaceSize: 1.00 GB

CodeHeap 'non-profiled nmethods': size=120064Kb used=8228Kb max_used=8228Kb free=111835Kb
 bounds [0x0000025534960000, 0x0000025535170000, 0x000002553bea0000]
CodeHeap 'profiled nmethods': size=120000Kb used=28351Kb max_used=28351Kb free=91648Kb
 bounds [0x000002552d430000, 0x000002552efe0000, 0x0000025534960000]
CodeHeap 'non-nmethods': size=5696Kb used=2346Kb max_used=2398Kb free=3349Kb
 bounds [0x000002552cea0000, 0x000002552d110000, 0x000002552d430000]
 total_blobs=13872 nmethods=12914 adapters=868
 compilation: enabled
              stopped_count=0, restarted_count=0
 full_count=0

Compilation events (20 events):
Event: 23.537 Thread 0x0000025542fad000 13046       3       org.gradle.internal.serialize.AbstractEncoder$EncoderStream::write (11 bytes)
Event: 23.537 Thread 0x0000025542fad000 nmethod 13046 0x000002552efd7210 code [0x000002552efd73c0, 0x000002552efd7588]
Event: 23.545 Thread 0x0000025542fad000 13050  s    3       java.net.URL::writeObject (5 bytes)
Event: 23.545 Thread 0x0000025542fad000 nmethod 13050 0x000002552efd7690 code [0x000002552efd7860, 0x000002552efd7b88]
Event: 23.545 Thread 0x0000025542fad000 13051   !   3       jdk.internal.reflect.GeneratedMethodAccessor23::invoke (66 bytes)
Event: 23.545 Thread 0x0000025542fad000 nmethod 13051 0x000002552efd7c90 code [0x000002552efd7ee0, 0x000002552efd8858]
Event: 23.556 Thread 0x0000025542fad000 13052       3       java.io.ObjectOutputStream$BlockDataOutputStream::writeUTF (11 bytes)
Event: 23.556 Thread 0x0000025542fad000 nmethod 13052 0x000002552efd8c10 code [0x000002552efd8de0, 0x000002552efd8f98]
Event: 23.556 Thread 0x0000025542fad000 13053       3       java.io.ObjectOutputStream::writeUTF (9 bytes)
Event: 23.556 Thread 0x0000025542fad000 nmethod 13053 0x000002552efd9090 code [0x000002552efd9260, 0x000002552efd9458]
Event: 23.645 Thread 0x0000025542fad000 13056       3       java.lang.invoke.MemberName::getFactory (4 bytes)
Event: 23.645 Thread 0x0000025542fad000 nmethod 13056 0x000002552efd9590 code [0x000002552efd9740, 0x000002552efd9838]
Event: 23.893 Thread 0x0000025542fa8000 nmethod 12967 0x0000025535159790 code [0x0000025535159d00, 0x00000255351614c8]
Event: 23.893 Thread 0x0000025542fa8000 13047 %     4       java.io.ObjectOutputStream$BlockDataOutputStream::getUTFLength @ 47 (124 bytes)
Event: 23.893 Thread 0x0000025542fad000 13058       1       org.gradle.internal.snapshot.AbstractListChildMap$1::getChildMap (5 bytes)
Event: 23.894 Thread 0x0000025542fad000 nmethod 13058 0x0000025535164290 code [0x0000025535164440, 0x00000255351644f8]
Event: 23.894 Thread 0x0000025542fad000 13059       1       org.gradle.internal.snapshot.AbstractListChildMap::isEmpty (2 bytes)
Event: 23.894 Thread 0x0000025542fad000 nmethod 13059 0x0000025535164590 code [0x0000025535164740, 0x00000255351647f8]
Event: 23.894 Thread 0x0000025542fad000 13060       3       org.gradle.internal.file.DefaultFileHierarchySet$Node::isChildOfOrThis (110 bytes)
Event: 23.896 Thread 0x0000025542fad000 nmethod 13060 0x000002552efd9890 code [0x000002552efd9bc0, 0x000002552efdb138]

GC Heap History (20 events):
Event: 7.138 GC heap before
{Heap before GC invocations=13 (full 0):
 garbage-first heap   total 187392K, used 141432K [0x0000000080000000, 0x0000000100000000)
  region size 1024K, 102 young (104448K), 8 survivors (8192K)
 Metaspace       used 48473K, capacity 49762K, committed 49812K, reserved 1093632K
  class space    used 6229K, capacity 6718K, committed 6732K, reserved 1048576K
}
Event: 7.152 GC heap after
{Heap after GC invocations=14 (full 0):
 garbage-first heap   total 187392K, used 49151K [0x0000000080000000, 0x0000000100000000)
  region size 1024K, 8 young (8192K), 8 survivors (8192K)
 Metaspace       used 48473K, capacity 49762K, committed 49812K, reserved 1093632K
  class space    used 6229K, capacity 6718K, committed 6732K, reserved 1048576K
}
Event: 8.877 GC heap before
{Heap before GC invocations=14 (full 0):
 garbage-first heap   total 187392K, used 145407K [0x0000000080000000, 0x0000000100000000)
  region size 1024K, 97 young (99328K), 8 survivors (8192K)
 Metaspace       used 52473K, capacity 53897K, committed 54164K, reserved 1095680K
  class space    used 6654K, capacity 7195K, committed 7244K, reserved 1048576K
}
Event: 8.892 GC heap after
{Heap after GC invocations=15 (full 0):
 garbage-first heap   total 187392K, used 58391K [0x0000000080000000, 0x0000000100000000)
  region size 1024K, 10 young (10240K), 10 survivors (10240K)
 Metaspace       used 52473K, capacity 53897K, committed 54164K, reserved 1095680K
  class space    used 6654K, capacity 7195K, committed 7244K, reserved 1048576K
}
Event: 10.411 GC heap before
{Heap before GC invocations=15 (full 0):
 garbage-first heap   total 187392K, used 146455K [0x0000000080000000, 0x0000000100000000)
  region size 1024K, 94 young (96256K), 10 survivors (10240K)
 Metaspace       used 56635K, capacity 58313K, committed 58388K, reserved 1099776K
  class space    used 7228K, capacity 7826K, committed 7884K, reserved 1048576K
}
Event: 10.429 GC heap after
{Heap after GC invocations=16 (full 0):
 garbage-first heap   total 225280K, used 68357K [0x0000000080000000, 0x0000000100000000)
  region size 1024K, 12 young (12288K), 12 survivors (12288K)
 Metaspace       used 56635K, capacity 58313K, committed 58388K, reserved 1099776K
  class space    used 7228K, capacity 7826K, committed 7884K, reserved 1048576K
}
Event: 11.972 GC heap before
{Heap before GC invocations=16 (full 0):
 garbage-first heap   total 225280K, used 174853K [0x0000000080000000, 0x0000000100000000)
  region size 1024K, 115 young (117760K), 12 survivors (12288K)
 Metaspace       used 68385K, capacity 70326K, committed 70420K, reserved 1110016K
  class space    used 8679K, capacity 9377K, committed 9420K, reserved 1048576K
}
Event: 11.990 GC heap after
{Heap after GC invocations=17 (full 0):
 garbage-first heap   total 225280K, used 77389K [0x0000000080000000, 0x0000000100000000)
  region size 1024K, 14 young (14336K), 14 survivors (14336K)
 Metaspace       used 68385K, capacity 70326K, committed 70420K, reserved 1110016K
  class space    used 8679K, capacity 9377K, committed 9420K, reserved 1048576K
}
Event: 12.062 GC heap before
{Heap before GC invocations=17 (full 0):
 garbage-first heap   total 225280K, used 81485K [0x0000000080000000, 0x0000000100000000)
  region size 1024K, 19 young (19456K), 14 survivors (14336K)
 Metaspace       used 69015K, capacity 70911K, committed 71060K, reserved 1112064K
  class space    used 8758K, capacity 9443K, committed 9548K, reserved 1048576K
}
Event: 12.077 GC heap after
{Heap after GC invocations=18 (full 0):
 garbage-first heap   total 225280K, used 78698K [0x0000000080000000, 0x0000000100000000)
  region size 1024K, 8 young (8192K), 8 survivors (8192K)
 Metaspace       used 69015K, capacity 70911K, committed 71060K, reserved 1112064K
  class space    used 8758K, capacity 9443K, committed 9548K, reserved 1048576K
}
Event: 13.394 GC heap before
{Heap before GC invocations=19 (full 0):
 garbage-first heap   total 225280K, used 182122K [0x0000000080000000, 0x0000000100000000)
  region size 1024K, 109 young (111616K), 8 survivors (8192K)
 Metaspace       used 76419K, capacity 78457K, committed 78780K, reserved 1118208K
  class space    used 9877K, capacity 10621K, committed 10700K, reserved 1048576K
}
Event: 13.414 GC heap after
{Heap after GC invocations=20 (full 0):
 garbage-first heap   total 225280K, used 84842K [0x0000000080000000, 0x0000000100000000)
  region size 1024K, 14 young (14336K), 14 survivors (14336K)
 Metaspace       used 76419K, capacity 78457K, committed 78780K, reserved 1118208K
  class space    used 9877K, capacity 10621K, committed 10700K, reserved 1048576K
}
Event: 15.311 GC heap before
{Heap before GC invocations=21 (full 0):
 garbage-first heap   total 225280K, used 193386K [0x0000000080000000, 0x0000000100000000)
  region size 1024K, 111 young (113664K), 14 survivors (14336K)
 Metaspace       used 84511K, capacity 86797K, committed 86972K, reserved 1124352K
  class space    used 10864K, capacity 11655K, committed 11724K, reserved 1048576K
}
Event: 15.330 GC heap after
{Heap after GC invocations=22 (full 0):
 garbage-first heap   total 225280K, used 101692K [0x0000000080000000, 0x0000000100000000)
  region size 1024K, 14 young (14336K), 14 survivors (14336K)
 Metaspace       used 84511K, capacity 86797K, committed 86972K, reserved 1124352K
  class space    used 10864K, capacity 11655K, committed 11724K, reserved 1048576K
}
Event: 18.002 GC heap before
{Heap before GC invocations=22 (full 0):
 garbage-first heap   total 225280K, used 183612K [0x0000000080000000, 0x0000000100000000)
  region size 1024K, 94 young (96256K), 14 survivors (14336K)
 Metaspace       used 94321K, capacity 96759K, committed 96956K, reserved 1134592K
  class space    used 12125K, capacity 12984K, committed 13004K, reserved 1048576K
}
Event: 18.026 GC heap after
{Heap after GC invocations=23 (full 0):
 garbage-first heap   total 270336K, used 109308K [0x0000000080000000, 0x0000000100000000)
  region size 1024K, 7 young (7168K), 7 survivors (7168K)
 Metaspace       used 94321K, capacity 96759K, committed 96956K, reserved 1134592K
  class space    used 12125K, capacity 12984K, committed 13004K, reserved 1048576K
}
Event: 20.609 GC heap before
{Heap before GC invocations=23 (full 0):
 garbage-first heap   total 270336K, used 204540K [0x0000000080000000, 0x0000000100000000)
  region size 1024K, 101 young (103424K), 7 survivors (7168K)
 Metaspace       used 100465K, capacity 103086K, committed 103228K, reserved 1138688K
  class space    used 12893K, capacity 13836K, committed 13900K, reserved 1048576K
}
Event: 20.624 GC heap after
{Heap after GC invocations=24 (full 0):
 garbage-first heap   total 270336K, used 113782K [0x0000000080000000, 0x0000000100000000)
  region size 1024K, 12 young (12288K), 12 survivors (12288K)
 Metaspace       used 100465K, capacity 103086K, committed 103228K, reserved 1138688K
  class space    used 12893K, capacity 13836K, committed 13900K, reserved 1048576K
}
Event: 23.352 GC heap before
{Heap before GC invocations=24 (full 0):
 garbage-first heap   total 270336K, used 210038K [0x0000000080000000, 0x0000000100000000)
  region size 1024K, 106 young (108544K), 12 survivors (12288K)
 Metaspace       used 106698K, capacity 109545K, committed 109756K, reserved 1144832K
  class space    used 13698K, capacity 14766K, committed 14796K, reserved 1048576K
}
Event: 23.371 GC heap after
{Heap after GC invocations=25 (full 0):
 garbage-first heap   total 270336K, used 119144K [0x0000000080000000, 0x0000000100000000)
  region size 1024K, 11 young (11264K), 11 survivors (11264K)
 Metaspace       used 106698K, capacity 109545K, committed 109756K, reserved 1144832K
  class space    used 13698K, capacity 14766K, committed 14796K, reserved 1048576K
}

Deoptimization events (20 events):
Event: 23.174 Thread 0x00000255460e0800 DEOPT PACKING pc=0x000002552d975911 sp=0x000000fcb54f9b90
Event: 23.174 Thread 0x00000255460e0800 DEOPT UNPACKING pc=0x000002552cec6dde sp=0x000000fcb54f9068 mode 0
Event: 23.174 Thread 0x00000255460e0800 DEOPT PACKING pc=0x000002552da69696 sp=0x000000fcb54f9b60
Event: 23.174 Thread 0x00000255460e0800 DEOPT UNPACKING pc=0x000002552cec6dde sp=0x000000fcb54f9078 mode 0
Event: 23.174 Thread 0x00000255460e0800 DEOPT PACKING pc=0x000002552d975911 sp=0x000000fcb54f9b90
Event: 23.174 Thread 0x00000255460e0800 DEOPT UNPACKING pc=0x000002552cec6dde sp=0x000000fcb54f9068 mode 0
Event: 23.174 Thread 0x00000255460e0800 DEOPT PACKING pc=0x000002552da69696 sp=0x000000fcb54f9b60
Event: 23.174 Thread 0x00000255460e0800 DEOPT UNPACKING pc=0x000002552cec6dde sp=0x000000fcb54f9078 mode 0
Event: 23.177 Thread 0x00000255460e0800 DEOPT PACKING pc=0x000002552e9b0718 sp=0x000000fcb54f96b0
Event: 23.177 Thread 0x00000255460e0800 DEOPT UNPACKING pc=0x000002552cec6dde sp=0x000000fcb54f8bb0 mode 0
Event: 23.180 Thread 0x00000255460e0800 Uncommon trap: trap_request=0xffffff4d fr.pc=0x0000025534a0c584 relative=0x00000000000005c4
Event: 23.180 Thread 0x00000255460e0800 Uncommon trap: reason=unstable_if action=reinterpret pc=0x0000025534a0c584 method=java.lang.String.replace(CC)Ljava/lang/String; @ 2 c2
Event: 23.180 Thread 0x00000255460e0800 DEOPT PACKING pc=0x0000025534a0c584 sp=0x000000fcb54f9c90
Event: 23.180 Thread 0x00000255460e0800 DEOPT UNPACKING pc=0x000002552cec662f sp=0x000000fcb54f9c40 mode 2
Event: 23.237 Thread 0x00000255460e0800 DEOPT PACKING pc=0x000002552e027470 sp=0x000000fcb54fa230
Event: 23.237 Thread 0x00000255460e0800 DEOPT UNPACKING pc=0x000002552cec6dde sp=0x000000fcb54f9710 mode 0
Event: 23.255 Thread 0x00000255460e0800 DEOPT PACKING pc=0x000002552e027470 sp=0x000000fcb54fa440
Event: 23.255 Thread 0x00000255460e0800 DEOPT UNPACKING pc=0x000002552cec6dde sp=0x000000fcb54f9920 mode 0
Event: 23.269 Thread 0x00000255460e0800 DEOPT PACKING pc=0x000002552e027470 sp=0x000000fcb54fa4c0
Event: 23.269 Thread 0x00000255460e0800 DEOPT UNPACKING pc=0x000002552cec6dde sp=0x000000fcb54f99a0 mode 0

Classes redefined (0 events):
No events

Internal exceptions (20 events):
Event: 23.282 Thread 0x00000255460e0800 Exception <a 'java/lang/ClassNotFoundException'{0x000000008ad7e520}: java/util/HashMapBeanInfo> (0x000000008ad7e520) thrown at [./src/hotspot/share/classfile/systemDictionary.cpp, line 231]
Event: 23.283 Thread 0x00000255460e0800 Exception <a 'java/lang/ClassNotFoundException'{0x000000008ad88158}: java/util/AbstractMapBeanInfo> (0x000000008ad88158) thrown at [./src/hotspot/share/classfile/systemDictionary.cpp, line 231]
Event: 23.297 Thread 0x00000255460e0800 Exception <a 'java/lang/ClassNotFoundException'{0x000000008ad91c08}: java/util/AbstractMapCustomizer> (0x000000008ad91c08) thrown at [./src/hotspot/share/classfile/systemDictionary.cpp, line 231]
Event: 23.299 Thread 0x00000255460e0800 Exception <a 'java/lang/ClassNotFoundException'{0x000000008ada51e8}: java/util/HashMapCustomizer> (0x000000008ada51e8) thrown at [./src/hotspot/share/classfile/systemDictionary.cpp, line 231]
Event: 23.300 Thread 0x00000255460e0800 Exception <a 'java/lang/ClassNotFoundException'{0x000000008adc55e0}: java/util/LinkedHashMapCustomizer> (0x000000008adc55e0) thrown at [./src/hotspot/share/classfile/systemDictionary.cpp, line 231]
Event: 23.305 Thread 0x00000255460e0800 Exception <a 'java/lang/ClassNotFoundException'{0x000000008ac34830}: org/gradle/api/plugins/internal/DefaultJavaPluginConventionBeanInfo> (0x000000008ac34830) thrown at [./src/hotspot/share/classfile/systemDictionary.cpp, line 231]
Event: 23.305 Thread 0x00000255460e0800 Exception <a 'java/lang/ClassNotFoundException'{0x000000008ac56c28}: org/gradle/api/plugins/JavaPluginConventionBeanInfo> (0x000000008ac56c28) thrown at [./src/hotspot/share/classfile/systemDictionary.cpp, line 231]
Event: 23.306 Thread 0x00000255460e0800 Exception <a 'java/lang/ClassNotFoundException'{0x000000008ac79118}: org/gradle/api/plugins/JavaPluginConventionCustomizer> (0x000000008ac79118) thrown at [./src/hotspot/share/classfile/systemDictionary.cpp, line 231]
Event: 23.308 Thread 0x00000255460e0800 Exception <a 'java/lang/ClassNotFoundException'{0x000000008acb3ea0}: org/gradle/api/plugins/internal/DefaultJavaPluginConventionCustomizer> (0x000000008acb3ea0) thrown at [./src/hotspot/share/classfile/systemDictionary.cpp, line 231]
Event: 23.312 Thread 0x00000255460e0800 Exception <a 'java/lang/ClassNotFoundException'{0x000000008ab2d8c0}: org/gradle/api/plugins/internal/DefaultBasePluginConventionBeanInfo> (0x000000008ab2d8c0) thrown at [./src/hotspot/share/classfile/systemDictionary.cpp, line 231]
Event: 23.313 Thread 0x00000255460e0800 Exception <a 'java/lang/ClassNotFoundException'{0x000000008ab4fcb8}: org/gradle/api/plugins/BasePluginConventionBeanInfo> (0x000000008ab4fcb8) thrown at [./src/hotspot/share/classfile/systemDictionary.cpp, line 231]
Event: 23.313 Thread 0x00000255460e0800 Exception <a 'java/lang/ClassNotFoundException'{0x000000008ab721a8}: org/gradle/api/plugins/BasePluginConventionCustomizer> (0x000000008ab721a8) thrown at [./src/hotspot/share/classfile/systemDictionary.cpp, line 231]
Event: 23.314 Thread 0x00000255460e0800 Exception <a 'java/lang/ClassNotFoundException'{0x000000008aba3290}: org/gradle/api/plugins/internal/DefaultBasePluginConventionCustomizer> (0x000000008aba3290) thrown at [./src/hotspot/share/classfile/systemDictionary.cpp, line 231]
Event: 23.538 Thread 0x0000025546f13000 Exception <a 'java/lang/NoSuchMethodError'{0x000000008fdb2170}: <clinit>> (0x000000008fdb2170) thrown at [./src/hotspot/share/prims/jni.cpp, line 1362]
Event: 23.539 Thread 0x0000025546f13000 Exception <a 'java/lang/NoSuchMethodError'{0x000000008fdc3d20}: <clinit>> (0x000000008fdc3d20) thrown at [./src/hotspot/share/prims/jni.cpp, line 1362]
Event: 23.541 Thread 0x0000025546f13000 Exception <a 'java/lang/NoSuchMethodError'{0x000000008fdde218}: <clinit>> (0x000000008fdde218) thrown at [./src/hotspot/share/prims/jni.cpp, line 1362]
Event: 23.556 Thread 0x0000025546f13000 Exception <a 'java/lang/NoSuchMethodError'{0x000000008fdfb580}: <clinit>> (0x000000008fdfb580) thrown at [./src/hotspot/share/prims/jni.cpp, line 1362]
Event: 23.558 Thread 0x0000025546f13000 Exception <a 'java/lang/NoSuchMethodError'{0x000000008fc0bb70}: <clinit>> (0x000000008fc0bb70) thrown at [./src/hotspot/share/prims/jni.cpp, line 1362]
Event: 23.645 Thread 0x00000255460e0800 Exception <a 'java/lang/NoSuchMethodError'{0x000000008fc16328}: 'int java.lang.invoke.DirectMethodHandle$Holder.invokeVirtual(java.lang.Object, java.lang.Object, java.lang.Object)'> (0x000000008fc16328) thrown at [./src/hotspot/share/interpreter/linkResolver.cpp, line 773]
Event: 23.646 Thread 0x00000255460e0800 Exception <a 'java/lang/IncompatibleClassChangeError'{0x000000008fc1f768}: Found class java.lang.Object, but interface was expected> (0x000000008fc1f768) thrown at [./src/hotspot/share/interpreter/linkResolver.cpp, line 839]

Events (20 events):
Event: 23.644 loading class org/gradle/internal/snapshot/SnapshotHierarchy
Event: 23.644 loading class org/gradle/internal/snapshot/SnapshotHierarchy done
Event: 23.644 loading class org/gradle/internal/snapshot/SnapshotHierarchy
Event: 23.644 loading class org/gradle/internal/snapshot/SnapshotHierarchy done
Event: 23.644 loading class org/gradle/internal/watch/registry/impl/WatchableHierarchies$Invalidator
Event: 23.644 loading class org/gradle/internal/watch/registry/impl/WatchableHierarchies$Invalidator done
Event: 23.644 loading class org/gradle/internal/watch/registry/impl/WatchableHierarchies$Invalidator
Event: 23.644 loading class org/gradle/internal/watch/registry/impl/WatchableHierarchies$Invalidator done
Event: 23.645 loading class org/gradle/internal/watch/registry/impl/WatchedHierarchies
Event: 23.645 loading class org/gradle/internal/watch/registry/impl/WatchedHierarchies done
Event: 23.646 loading class org/gradle/internal/watch/registry/impl/WatchableHierarchies$RemoveUnwatchedFiles
Event: 23.646 loading class org/gradle/internal/watch/registry/impl/WatchableHierarchies$RemoveUnwatchedFiles done
Event: 23.647 loading class org/gradle/internal/watch/registry/impl/WatchableHierarchies$RemoveUnwatchedFiles
Event: 23.647 loading class org/gradle/internal/watch/registry/impl/WatchableHierarchies$RemoveUnwatchedFiles done
Event: 23.647 loading class org/gradle/internal/watch/registry/impl/WatchableHierarchies$RemoveUnwatchedFiles
Event: 23.647 loading class org/gradle/internal/watch/registry/impl/WatchableHierarchies$RemoveUnwatchedFiles done
Event: 23.647 loading class org/gradle/internal/snapshot/SnapshotHierarchy$NodeDiffListener$1
Event: 23.647 loading class org/gradle/internal/snapshot/SnapshotHierarchy$NodeDiffListener$1 done
Event: 23.648 Executing VM operation: Deoptimize
Event: 23.649 Executing VM operation: Deoptimize done


Dynamic libraries:
0x00007ff66cfa0000 - 0x00007ff66cfaa000 	C:\Program Files\Android\Android Studio\jre\bin\java.exe
0x00007ff88aa70000 - 0x00007ff88ac65000 	C:\WINDOWS\SYSTEM32\ntdll.dll
0x00007ff88a740000 - 0x00007ff88a7fe000 	C:\WINDOWS\System32\KERNEL32.DLL
0x00007ff8885b0000 - 0x00007ff888878000 	C:\WINDOWS\System32\KERNELBASE.dll
0x00007ff888420000 - 0x00007ff888520000 	C:\WINDOWS\System32\ucrtbase.dll
0x00007ff87a5f0000 - 0x00007ff87a609000 	C:\Program Files\Android\Android Studio\jre\bin\jli.dll
0x00007ff872b10000 - 0x00007ff872b27000 	C:\Program Files\Android\Android Studio\jre\bin\VCRUNTIME140.dll
0x00007ff8898f0000 - 0x00007ff889a90000 	C:\WINDOWS\System32\USER32.dll
0x00007ff888920000 - 0x00007ff888942000 	C:\WINDOWS\System32\win32u.dll
0x00007ff871850000 - 0x00007ff871aea000 	C:\WINDOWS\WinSxS\amd64_microsoft.windows.common-controls_6595b64144ccf1df_6.0.19041.1110_none_60b5254171f9507e\COMCTL32.dll
0x00007ff88a170000 - 0x00007ff88a19b000 	C:\WINDOWS\System32\GDI32.dll
0x00007ff888950000 - 0x00007ff888a5b000 	C:\WINDOWS\System32\gdi32full.dll
0x00007ff888880000 - 0x00007ff88891d000 	C:\WINDOWS\System32\msvcp_win.dll
0x00007ff889c40000 - 0x00007ff889cde000 	C:\WINDOWS\System32\msvcrt.dll
0x00007ff889f20000 - 0x00007ff889f50000 	C:\WINDOWS\System32\IMM32.DLL
0x00007ff863dd0000 - 0x00007ff863e6d000 	C:\Program Files\Android\Android Studio\jre\bin\msvcp140.dll
0x00007ff8214b0000 - 0x00007ff821f85000 	C:\Program Files\Android\Android Studio\jre\bin\server\jvm.dll
0x00007ff888fc0000 - 0x00007ff88906e000 	C:\WINDOWS\System32\ADVAPI32.dll
0x00007ff88a860000 - 0x00007ff88a8fc000 	C:\WINDOWS\System32\sechost.dll
0x00007ff88a1a0000 - 0x00007ff88a2c5000 	C:\WINDOWS\System32\RPCRT4.dll
0x00007ff889f60000 - 0x00007ff889f68000 	C:\WINDOWS\System32\PSAPI.DLL
0x00007ff86b420000 - 0x00007ff86b429000 	C:\WINDOWS\SYSTEM32\WSOCK32.dll
0x00007ff872c10000 - 0x00007ff872c37000 	C:\WINDOWS\SYSTEM32\WINMM.dll
0x00007ff876a20000 - 0x00007ff876a2a000 	C:\WINDOWS\SYSTEM32\VERSION.dll
0x00007ff889f70000 - 0x00007ff889fdb000 	C:\WINDOWS\System32\WS2_32.dll
0x00007ff8869f0000 - 0x00007ff886a02000 	C:\WINDOWS\SYSTEM32\kernel.appcore.dll
0x00007ff87a7b0000 - 0x00007ff87a7c1000 	C:\Program Files\Android\Android Studio\jre\bin\verify.dll
0x00007ff8836c0000 - 0x00007ff8838a4000 	C:\WINDOWS\SYSTEM32\DBGHELP.DLL
0x00007ff86fbc0000 - 0x00007ff86fbec000 	C:\WINDOWS\SYSTEM32\dbgcore.DLL
0x00007ff888520000 - 0x00007ff8885a2000 	C:\WINDOWS\System32\bcryptPrimitives.dll
0x00007ff872ad0000 - 0x00007ff872af9000 	C:\Program Files\Android\Android Studio\jre\bin\java.dll
0x00007ff87a3e0000 - 0x00007ff87a3eb000 	C:\Program Files\Android\Android Studio\jre\bin\jimage.dll
0x00007ff872970000 - 0x00007ff872988000 	C:\Program Files\Android\Android Studio\jre\bin\zip.dll
0x00007ff889070000 - 0x00007ff8897b4000 	C:\WINDOWS\System32\SHELL32.dll
0x00007ff882e50000 - 0x00007ff8835e4000 	C:\WINDOWS\SYSTEM32\windows.storage.dll
0x00007ff888c60000 - 0x00007ff888fb4000 	C:\WINDOWS\System32\combase.dll
0x00007ff887a40000 - 0x00007ff887a6c000 	C:\WINDOWS\SYSTEM32\Wldp.dll
0x00007ff88a960000 - 0x00007ff88aa0d000 	C:\WINDOWS\System32\SHCORE.dll
0x00007ff88a040000 - 0x00007ff88a095000 	C:\WINDOWS\System32\shlwapi.dll
0x00007ff8880d0000 - 0x00007ff8880ef000 	C:\WINDOWS\SYSTEM32\profapi.dll
0x00007ff872950000 - 0x00007ff87296a000 	C:\Program Files\Android\Android Studio\jre\bin\net.dll
0x00007ff87f130000 - 0x00007ff87f239000 	C:\WINDOWS\SYSTEM32\WINHTTP.dll
0x00007ff887820000 - 0x00007ff88788a000 	C:\WINDOWS\system32\mswsock.dll
0x00007ff872930000 - 0x00007ff872944000 	C:\Program Files\Android\Android Studio\jre\bin\nio.dll
0x00007ff87a410000 - 0x00007ff87a437000 	C:\Users\GISAN ENTERPRISE\.gradle\native\e1d6ef7f7dcc3fd88c89a11ec53ec762bb8ba0a96d01ffa2cd45eb1d1d8dd5c5\windows-amd64\native-platform.dll
0x00007ff8440c0000 - 0x00007ff844204000 	C:\Users\GISAN ENTERPRISE\.gradle\native\5664cfc778a61ccfe75a443a1ab52a65af34e5dc3c78e0209fed803814484fcb\windows-amd64\native-platform-file-events.dll
0x00007ff87a3d0000 - 0x00007ff87a3da000 	C:\Program Files\Android\Android Studio\jre\bin\management.dll
0x00007ff864470000 - 0x00007ff86447d000 	C:\Program Files\Android\Android Studio\jre\bin\management_ext.dll
0x00007ff887a80000 - 0x00007ff887a98000 	C:\WINDOWS\SYSTEM32\CRYPTSP.dll
0x00007ff8871c0000 - 0x00007ff8871f4000 	C:\WINDOWS\system32\rsaenh.dll
0x00007ff888340000 - 0x00007ff888367000 	C:\WINDOWS\System32\bcrypt.dll
0x00007ff888050000 - 0x00007ff88807e000 	C:\WINDOWS\SYSTEM32\USERENV.dll
0x00007ff8879b0000 - 0x00007ff8879bc000 	C:\WINDOWS\SYSTEM32\CRYPTBASE.dll
0x00007ff887530000 - 0x00007ff88756b000 	C:\WINDOWS\SYSTEM32\IPHLPAPI.DLL
0x00007ff889ce0000 - 0x00007ff889ce8000 	C:\WINDOWS\System32\NSI.dll
0x00007ff875870000 - 0x00007ff875887000 	C:\WINDOWS\SYSTEM32\dhcpcsvc6.DLL
0x00007ff876350000 - 0x00007ff87636d000 	C:\WINDOWS\SYSTEM32\dhcpcsvc.DLL
0x00007ff887570000 - 0x00007ff88763a000 	C:\WINDOWS\SYSTEM32\DNSAPI.dll
0x00007ff85ca30000 - 0x00007ff85ca57000 	C:\Program Files\Android\Android Studio\jre\bin\sunec.dll
0x00007ff87c3e0000 - 0x00007ff87c3ea000 	C:\Windows\System32\rasadhlp.dll
0x00007ff875340000 - 0x00007ff8753bf000 	C:\WINDOWS\System32\fwpuclnt.dll

dbghelp: loaded successfully - version: 4.0.5 - missing functions: none
symbol engine: initialized successfully - sym options: 0x614 - pdb path: .;C:\Program Files\Android\Android Studio\jre\bin;C:\WINDOWS\SYSTEM32;C:\WINDOWS\WinSxS\amd64_microsoft.windows.common-controls_6595b64144ccf1df_6.0.19041.1110_none_60b5254171f9507e;C:\Program Files\Android\Android Studio\jre\bin\server;C:\Users\GISAN ENTERPRISE\.gradle\native\e1d6ef7f7dcc3fd88c89a11ec53ec762bb8ba0a96d01ffa2cd45eb1d1d8dd5c5\windows-amd64;C:\Users\GISAN ENTERPRISE\.gradle\native\5664cfc778a61ccfe75a443a1ab52a65af34e5dc3c78e0209fed803814484fcb\windows-amd64

VM Arguments:
jvm_args: --add-opens=java.base/java.util=ALL-UNNAMED --add-opens=java.base/java.lang=ALL-UNNAMED --add-opens=java.base/java.lang.invoke=ALL-UNNAMED --add-opens=java.base/java.util=ALL-UNNAMED --add-opens=java.prefs/java.util.prefs=ALL-UNNAMED --add-opens=java.prefs/java.util.prefs=ALL-UNNAMED --add-opens=java.base/java.nio.charset=ALL-UNNAMED --add-opens=java.base/java.net=ALL-UNNAMED --add-opens=java.base/java.util.concurrent.atomic=ALL-UNNAMED -Xmx2048m -Dfile.encoding=UTF-8 -Duser.country=ID -Duser.language=en -Duser.variant 
java_command: org.gradle.launcher.daemon.bootstrap.GradleDaemon 7.2
java_class_path (initial): C:\Users\GISAN ENTERPRISE\.gradle\wrapper\dists\gradle-7.2-bin\2dnblmf4td7x66yl1d74lt32g\gradle-7.2\lib\gradle-launcher-7.2.jar
Launcher Type: SUN_STANDARD

[Global flags]
     intx CICompilerCount                          = 3                                         {product} {ergonomic}
     uint ConcGCThreads                            = 1                                         {product} {ergonomic}
     uint G1ConcRefinementThreads                  = 4                                         {product} {ergonomic}
   size_t G1HeapRegionSize                         = 1048576                                   {product} {ergonomic}
    uintx GCDrainStackTargetSize                   = 64                                        {product} {ergonomic}
   size_t InitialHeapSize                          = 132120576                                 {product} {ergonomic}
   size_t MarkStackSize                            = 4194304                                   {product} {ergonomic}
   size_t MaxHeapSize                              = 2147483648                                {product} {command line}
   size_t MaxNewSize                               = 1287651328                                {product} {ergonomic}
   size_t MinHeapDeltaBytes                        = 1048576                                   {product} {ergonomic}
    uintx NonNMethodCodeHeapSize                   = 5830732                                {pd product} {ergonomic}
    uintx NonProfiledCodeHeapSize                  = 122913754                              {pd product} {ergonomic}
    uintx ProfiledCodeHeapSize                     = 122913754                              {pd product} {ergonomic}
    uintx ReservedCodeCacheSize                    = 251658240                              {pd product} {ergonomic}
     bool SegmentedCodeCache                       = true                                      {product} {ergonomic}
     bool UseCompressedClassPointers               = true                                 {lp64_product} {ergonomic}
     bool UseCompressedOops                        = true                                 {lp64_product} {ergonomic}
     bool UseG1GC                                  = true                                      {product} {ergonomic}
     bool UseLargePagesIndividualAllocation        = false                                  {pd product} {ergonomic}

Logging:
Log output configuration:
 #0: stdout all=warning uptime,level,tags
 #1: stderr all=off uptime,level,tags

Environment Variables:
JAVA_HOME=C:\Program Files\Eclipse Adoptium\jdk-17.0.1.12-hotspot\
PATH=C:\Program Files\Eclipse Adoptium\jdk-17.0.1.12-hotspot\bin;C:\WINDOWS\system32;C:\WINDOWS;C:\WINDOWS\System32\Wbem;C:\WINDOWS\System32\WindowsPowerShell\v1.0\;C:\WINDOWS\System32\OpenSSH\;C:\Program Files\dotnet\;C:\Program Files\Git\cmd;C:\Program Files\Intel\Intel(R) Memory and Storage Tool\;C:\Program Files\PuTTY\;C:\xampp\php;C:\ProgramData\ComposerSetup\bin;C:\ProgramData\chocolatey\bin;C:\Program Files\PowerShell\7\;C:\Program Files\nodejs\;C:\Users\GISAN ENTERPRISE\AppData\Local\Microsoft\WindowsApps;C:\Users\GISAN ENTERPRISE\AppData\Local\Programs\Microsoft VS Code\bin;C:\Users\GISAN ENTERPRISE\AppData\Local\Programs\oh-my-posh\bin;C:\Users\GISAN ENTERPRISE\AppData\Local\Programs\oh-my-posh\themes;C:\Users\GISAN ENTERPRISE\AppData\Local\GitHubDesktop\bin;C:\Users\GISAN ENTERPRISE\AppData\Roaming\Composer\vendor\bin;C:\SDK\flutter\bin;C:\SDK\Android\cmdline-tools\latest\bin;C:\Program Files (x86)\GnuWin32\bin;C:\Users\GISAN ENTERPRISE\AppData\Roaming\npm;C:\Users\GISAN ENTERPRISE;C:\Users\GISAN ENTERPRISE\AppData\Local\Google\Cloud SDK\google-cloud-sdk\bin
USERNAME=GISAN ENTERPRISE
OS=Windows_NT
PROCESSOR_IDENTIFIER=Intel64 Family 6 Model 142 Stepping 12, GenuineIntel



---------------  S Y S T E M  ---------------

OS: Windows 10 , 64 bit Build 19041 (10.0.19041.1566)
OS uptime: 2 days 16:19 hours
Hyper-V role detected

CPU:total 4 (initial active 4) (2 cores per cpu, 2 threads per core) family 6 model 142 stepping 12 microcode 0xde, cmov, cx8, fxsr, mmx, sse, sse2, sse3, ssse3, sse4.1, sse4.2, popcnt, avx, avx2, aes, clmul, erms, 3dnowpref, lzcnt, ht, tsc, tscinvbit, bmi1, bmi2, adx, fma

Memory: 4k page, system-wide physical 8023M (536M free)
TotalPageFile size 10023M (AvailPageFile size 4M)
current process WorkingSet (physical memory assigned to process): 568M, peak: 568M
current process commit charge ("private bytes"): 599M, peak: 599M

vm_info: OpenJDK 64-Bit Server VM (11.0.11+9-b60-7590822) for windows-amd64 JRE (11.0.11+9-b60-7590822), built on Jul 29 2021 21:43:44 by "builder" with MS VC++ 14.0 (VS2015)

END.
